2022-03-02 11:33:29,183 - INFO - 人民日报 信息写入csv文件完毕，保存路径:
2022-03-02 11:33:29,184 - INFO - /home/zpw/PycharmProject/weibo-crawler/weibo/users.csv
2022-03-02 11:33:29,184 - INFO - ++++++++++++++++++++++++++++++++++++++++++++++++++++++++++++++++++++++++++++++++++++++++++++++++++++
2022-03-02 11:33:29,184 - INFO - 用户信息
2022-03-02 11:33:29,184 - INFO - 用户id：2803301701
2022-03-02 11:33:29,184 - INFO - 用户昵称：人民日报
2022-03-02 11:33:29,184 - INFO - 性别：男
2022-03-02 11:33:29,184 - INFO - 生日：
2022-03-02 11:33:29,184 - INFO - 所在地：
2022-03-02 11:33:29,184 - INFO - 教育经历：
2022-03-02 11:33:29,184 - INFO - 公司：
2022-03-02 11:33:29,184 - INFO - 阳光信用：
2022-03-02 11:33:29,184 - INFO - 注册时间：
2022-03-02 11:33:29,184 - INFO - 微博数：142714
2022-03-02 11:33:29,184 - INFO - 粉丝数：145000000
2022-03-02 11:33:29,184 - INFO - 关注数：3059
2022-03-02 11:33:29,184 - INFO - url：https://m.weibo.cn/profile/2803301701
2022-03-02 11:33:29,184 - INFO - 《人民日报》法人微博
2022-03-02 11:33:29,184 - INFO - 人民日报法人微博。参与、沟通、记录时代。
2022-03-02 11:33:29,185 - INFO - ++++++++++++++++++++++++++++++++++++++++++++++++++++++++++++++++++++++++++++++++++++++++++++++++++++
2022-03-02 11:33:29,458 - INFO - 微博id：4742530584807466
2022-03-02 11:33:29,458 - INFO - 微博正文：【公安部：#对疑似被拐人员第一时间采集DNA#】①#全面排查侵害妇女儿童权益线索#，重点排查疑似被拐人员；②建立健全举报机制，广泛发动群众揭发检举涉拐线索。对疑似被拐人员和寻亲人员，第一时间采集DNA等信息。③会同最高检、最高法#三部门敦促拐卖犯罪嫌疑人投案自首#。详↓↓公安部部署全国公安机关开展打击拐卖妇女儿童犯罪专项行动 
2022-03-02 11:33:29,458 - INFO - 原始图片url：
2022-03-02 11:33:29,458 - INFO - 微博位置：
2022-03-02 11:33:29,458 - INFO - 发布时间：2022-03-02 11:14
2022-03-02 11:33:29,458 - INFO - 发布工具：微博 weibo.com
2022-03-02 11:33:29,458 - INFO - 点赞数：1495
2022-03-02 11:33:29,458 - INFO - 评论数：229
2022-03-02 11:33:29,458 - INFO - 转发数：437
2022-03-02 11:33:29,458 - INFO - 话题：['对疑似被拐人员第一时间采集DNA', '全面排查侵害妇女儿童权益线索', '三部门敦促拐卖犯罪嫌疑人投案自首']
2022-03-02 11:33:29,458 - INFO - @用户：
2022-03-02 11:33:29,458 - INFO - url：https://m.weibo.cn/detail/4742530584807466
2022-03-02 11:33:29,458 - INFO - ------------------------------------------------------------------------------------------------------------------------
2022-03-02 11:33:29,613 - INFO - 微博id：4742527796907489
2022-03-02 11:33:29,613 - INFO - 微博正文：【公安部开展#打击拐卖妇女儿童犯罪专项行动#】公安部决定，自3月1日起至12月31日开展打击拐卖妇女儿童犯罪专项行动。公安部要求，要集中摸排一批线索，特别是对来历不明的流浪乞讨、智力障碍、精神疾病、聋哑残疾等妇女儿童要全面摸排，确保底数清、情况明。要以打开路、全警动员，集中侦破一批案件。#公安部要求全面摸排来历不明妇女儿童#（人民日报记者张天培） 公安部部署全国公安机关开展打击拐卖妇女儿童犯罪专项行动
2022-03-02 11:33:29,613 - INFO - 原始图片url：
2022-03-02 11:33:29,613 - INFO - 微博位置：
2022-03-02 11:33:29,614 - INFO - 发布时间：2022-03-02 11:03
2022-03-02 11:33:29,614 - INFO - 发布工具：微博 weibo.com
2022-03-02 11:33:29,614 - INFO - 点赞数：17519
2022-03-02 11:33:29,614 - INFO - 评论数：1455
2022-03-02 11:33:29,614 - INFO - 转发数：4100
2022-03-02 11:33:29,614 - INFO - 话题：['打击拐卖妇女儿童犯罪专项行动', '公安部要求全面摸排来历不明妇女儿童']
2022-03-02 11:33:29,614 - INFO - @用户：
2022-03-02 11:33:29,614 - INFO - url：https://m.weibo.cn/detail/4742527796907489
2022-03-02 11:33:29,614 - INFO - ------------------------------------------------------------------------------------------------------------------------
2022-03-02 11:33:29,614 - INFO - 微博id：4742524256125297
2022-03-02 11:33:29,614 - INFO - 微博正文：【中国速度！#中央援港青衣方舱医院建设全纪录#】3月1日，中央援港青衣方舱医院落成启用，接收首批需要隔离的人士。从开工建设到完工交付，7天，2000多名工人昼夜工作，与疫魔竞速，与时间赛跑！90秒看中央援港青衣方舱医院建设全纪录↓↓↓中国速度，为生命争分夺秒！  人民日报的微博视频 
2022-03-02 11:33:29,615 - INFO - 原始图片url：
2022-03-02 11:33:29,615 - INFO - 微博位置：
2022-03-02 11:33:29,615 - INFO - 发布时间：2022-03-02 10:49
2022-03-02 11:33:29,615 - INFO - 发布工具：微博视频号
2022-03-02 11:33:29,615 - INFO - 点赞数：6287
2022-03-02 11:33:29,615 - INFO - 评论数：627
2022-03-02 11:33:29,615 - INFO - 转发数：434
2022-03-02 11:33:29,615 - INFO - 话题：['中央援港青衣方舱医院建设全纪录']
2022-03-02 11:33:29,615 - INFO - @用户：
2022-03-02 11:33:29,615 - INFO - url：https://m.weibo.cn/detail/4742524256125297
2022-03-02 11:33:29,615 - INFO - ------------------------------------------------------------------------------------------------------------------------
2022-03-02 11:33:29,615 - INFO - 微博id：4742516450266178
2022-03-02 11:33:29,615 - INFO - 微博正文：【#美宣布对俄关闭领空#】据央视，当地时间3月1日晚，美国总统拜登在他的首次国情咨文演讲中正式宣布，#美禁止俄飞机进入美国领空#。 
2022-03-02 11:33:29,616 - INFO - 原始图片url：https://wx2.sinaimg.cn/large/0033ImPzly1gzvbl8l6fjj60ob0obju502.jpg
2022-03-02 11:33:29,616 - INFO - 微博位置：
2022-03-02 11:33:29,616 - INFO - 发布时间：2022-03-02 10:18
2022-03-02 11:33:29,616 - INFO - 发布工具：微博 weibo.com
2022-03-02 11:33:29,616 - INFO - 点赞数：5545
2022-03-02 11:33:29,616 - INFO - 评论数：565
2022-03-02 11:33:29,616 - INFO - 转发数：214
2022-03-02 11:33:29,616 - INFO - 话题：['美宣布对俄关闭领空', '美禁止俄飞机进入美国领空']
2022-03-02 11:33:29,616 - INFO - @用户：
2022-03-02 11:33:29,616 - INFO - url：https://m.weibo.cn/detail/4742516450266178
2022-03-02 11:33:29,616 - INFO - ------------------------------------------------------------------------------------------------------------------------
2022-03-02 11:33:29,617 - INFO - 微博id：4742513544398518
2022-03-02 11:33:29,617 - INFO - 微博正文：【#雪容融点头太萌了#】雪容融到“冰立方”上岗！第一天上班吗？累不累啊？想下班吗？雪容融卖力点头~网友：#雪容融承认想下班的样子好实诚#北京2022年冬残奥会的微博视频 
2022-03-02 11:33:29,617 - INFO - 原始图片url：
2022-03-02 11:33:29,617 - INFO - 微博位置：
2022-03-02 11:33:29,617 - INFO - 发布时间：2022-03-02 10:06
2022-03-02 11:33:29,617 - INFO - 发布工具：微博视频号
2022-03-02 11:33:29,617 - INFO - 点赞数：39187
2022-03-02 11:33:29,617 - INFO - 评论数：2134
2022-03-02 11:33:29,617 - INFO - 转发数：3186
2022-03-02 11:33:29,617 - INFO - 话题：['雪容融点头太萌了', '雪容融承认想下班的样子好实诚']
2022-03-02 11:33:29,617 - INFO - @用户：
2022-03-02 11:33:29,617 - INFO - url：https://m.weibo.cn/detail/4742513544398518
2022-03-02 11:33:29,617 - INFO - ------------------------------------------------------------------------------------------------------------------------
2022-03-02 11:33:29,817 - INFO - 微博id：4742504807925242
2022-03-02 11:33:29,817 - INFO - 微博正文：#全国两会#【政协委员#建议推广DNA数据库实现有效打拐#】全国政协委员、北京电视艺术家协会副主席刘家成建议：幼儿园入园、小学入学时，要求所有入园、入学儿童采集DNA信息，建立DNA档案，档案交由公安部门纳入DNA数据库统一保管。不建立DNA档案者不予办理入园入学手续。对拒绝建立DNA档案的家庭，所在幼儿园和小学要及时向公安机关报告，由公安机关调查情况，做出相应处理。（人民日报记者王瑨）
2022-03-02 11:33:29,817 - INFO - 原始图片url：https://wx1.sinaimg.cn/large/0033ImPzly1gzva96tgxbj60hs0s7gpw02.jpg
2022-03-02 11:33:29,817 - INFO - 微博位置：
2022-03-02 11:33:29,817 - INFO - 发布时间：2022-03-02 09:32
2022-03-02 11:33:29,817 - INFO - 发布工具：微博 weibo.com
2022-03-02 11:33:29,818 - INFO - 点赞数：23394
2022-03-02 11:33:29,818 - INFO - 评论数：1803
2022-03-02 11:33:29,818 - INFO - 转发数：1335
2022-03-02 11:33:29,818 - INFO - 话题：['全国两会', '建议推广DNA数据库实现有效打拐']
2022-03-02 11:33:29,818 - INFO - @用户：
2022-03-02 11:33:29,818 - INFO - url：https://m.weibo.cn/detail/4742504807925242
2022-03-02 11:33:29,818 - INFO - ------------------------------------------------------------------------------------------------------------------------
2022-03-02 11:33:29,967 - INFO - 微博id：4742498053786154
2022-03-02 11:33:29,967 - INFO - 微博正文：【#3月1日新增71例本土确诊#】3月1日0—24时，31个省（自治区、直辖市）和新疆生产建设兵团报告新增确诊病例224例。其中境外输入病例153例（广东83例，上海37例，湖北10例，北京5例，天津3例，广西3例，四川3例，山东2例，重庆2例，云南2例，福建1例，河南1例，湖南1例），含10例由无症状感染者转为确诊病例（广东8例，湖南1例，云南1例）；本土病例71例（广东32例，其中深圳市25例、东莞市6例、珠海市1例；内蒙古16例，均在呼和浩特市；吉林4例，均在延边朝鲜族自治州；黑龙江4例，其中哈尔滨市2例、牡丹江市2例；山东4例，均在青岛市；四川3例，均在成都市；辽宁2例，均在葫芦岛市；广西2例，均在防城港市；天津1例，在滨海新区；山西1例，在晋中市；上海1例，在普陀区；云南1例，在德宏傣族景颇族自治州），含2例由无症状感染者转为确诊病例（均在四川）。无新增死亡病例。新增疑似病例4例，均为境外输入病例（均在上海）。当日新增治愈出院病例98例，解除医学观察的密切接触者4700人，重症病例与前一日持平。境外输入现有确诊病例1723例（其中重症病例1例），现有疑似病例9例。累计确诊病例14617例，累计治愈出院病例12894例，无死亡病例。截至3月1日24时，据31个省（自治区、直辖市）和新疆生产建设兵团报告，现有确诊病例2999例（其中重症病例19例），累计治愈出院病例102115例，累计死亡病例4636例，累计报告确诊病例109750例，现有疑似病例9例。累计追踪到密切接触者1652133人，尚在医学观察的密切接触者84590人。31个省（自治区、直辖市）和新疆生产建设兵团报告新增无症状感染者169例，其中境外输入121例，本土48例（广东13例，均在东莞市；黑龙江12例，其中哈尔滨市6例、牡丹江市4例、黑河市2例；云南9例，其中德宏傣族景颇族自治州4例、临沧市3例、红河哈尼族彝族自治州2例；广西8例，均在防城港市；吉林4例，均在延边朝鲜族自治州；上海1例，在嘉定区；四川1例，在绵阳市）；当日转为确诊病例12例（境外输入10例）；当日解除医学观察45例（境外输入40例）；尚在医学观察的无症状感染者1209例（境外输入896例）。累计收到港澳台地区通报确诊病例118749例。其中，香港特别行政区98135例（出院19495例，死亡990例），澳门特别行政区81例（出院79例），台湾地区20533例（出院13742例，死亡853例）。
2022-03-02 11:33:29,967 - INFO - 原始图片url：https://wx1.sinaimg.cn/large/0033ImPzly1gzva4l89dcj60u01ektg202.jpg
2022-03-02 11:33:29,967 - INFO - 微博位置：
2022-03-02 11:33:29,967 - INFO - 发布时间：2022-03-02 09:05
2022-03-02 11:33:29,967 - INFO - 发布工具：微博 weibo.com
2022-03-02 11:33:29,967 - INFO - 点赞数：2806
2022-03-02 11:33:29,967 - INFO - 评论数：367
2022-03-02 11:33:29,967 - INFO - 转发数：196
2022-03-02 11:33:29,967 - INFO - 话题：['3月1日新增71例本土确诊']
2022-03-02 11:33:29,967 - INFO - @用户：
2022-03-02 11:33:29,967 - INFO - url：https://m.weibo.cn/detail/4742498053786154
2022-03-02 11:33:29,967 - INFO - ------------------------------------------------------------------------------------------------------------------------
2022-03-02 11:33:29,968 - INFO - 微博id：4742489871486883
2022-03-02 11:33:29,968 - INFO - 微博正文：【惊艳！#延时摄影赏绝美春花#】杏花、梨花、樱花、海棠、迎春花……大地回暖，#春花开放的瞬间有多美#？“等闲识得东风面，万紫千红总是春”。新的春天，聆听花开的声音↓↓不负春光，向美好出发！  人民日报的微博视频 
2022-03-02 11:33:29,968 - INFO - 原始图片url：
2022-03-02 11:33:29,968 - INFO - 微博位置：
2022-03-02 11:33:29,968 - INFO - 发布时间：2022-03-02 08:32
2022-03-02 11:33:29,968 - INFO - 发布工具：微博视频号
2022-03-02 11:33:29,968 - INFO - 点赞数：4016
2022-03-02 11:33:29,968 - INFO - 评论数：676
2022-03-02 11:33:29,969 - INFO - 转发数：1392
2022-03-02 11:33:29,969 - INFO - 话题：['延时摄影赏绝美春花', '春花开放的瞬间有多美']
2022-03-02 11:33:29,969 - INFO - @用户：
2022-03-02 11:33:29,969 - INFO - url：https://m.weibo.cn/detail/4742489871486883
2022-03-02 11:33:29,969 - INFO - ------------------------------------------------------------------------------------------------------------------------
2022-03-02 11:33:29,969 - INFO - 微博id：4742480622780439
2022-03-02 11:33:29,969 - INFO - 微博正文：【18个#全国两会常用词#，你用对了吗？】①“共商国是”还是“共商国事”？②“届”和“次”：人大是“x届全国人大x次会议”，政协是“全国政协x届x次会议”；③“审议”和“讨论”：人大代表“审议”政府工作报告，政协委员“讨论”政府工作报告…全国两会在即，转存学习常用词↓↓#强国路上有你有我# 
2022-03-02 11:33:29,969 - INFO - 原始图片url：https://wx1.sinaimg.cn/large/0033ImPzly1gzv7g32ox2j60p011djx302.jpg,https://wx4.sinaimg.cn/large/0033ImPzly1gzv7g2z4xvj60p00t5gpb02.jpg,https://wx3.sinaimg.cn/large/0033ImPzly1gzv7g3000yj60p00t5ae702.jpg,https://wx1.sinaimg.cn/large/0033ImPzly1gzv7g35jhwj60p010qwlp02.jpg,https://wx3.sinaimg.cn/large/0033ImPzly1gzv7g36gj9j60p00t578c02.jpg,https://wx2.sinaimg.cn/large/0033ImPzly1gzv7g39hdqj60p00yxwjc02.jpg,https://wx3.sinaimg.cn/large/0033ImPzly1gzv7g3f62ej60p00xwtdp02.jpg,https://wx3.sinaimg.cn/large/0033ImPzly1gzv7g3g7czj60p00xwgra02.jpg,https://wx3.sinaimg.cn/large/0033ImPzly1gzv7g3haqzj60p013idlb02.jpg
2022-03-02 11:33:29,969 - INFO - 微博位置：
2022-03-02 11:33:29,969 - INFO - 发布时间：2022-03-02 07:55
2022-03-02 11:33:29,970 - INFO - 发布工具：微博 weibo.com
2022-03-02 11:33:29,970 - INFO - 点赞数：5833
2022-03-02 11:33:29,970 - INFO - 评论数：638
2022-03-02 11:33:29,970 - INFO - 转发数：3266
2022-03-02 11:33:29,970 - INFO - 话题：['全国两会常用词', '强国路上有你有我']
2022-03-02 11:33:29,970 - INFO - @用户：
2022-03-02 11:33:29,970 - INFO - url：https://m.weibo.cn/detail/4742480622780439
2022-03-02 11:33:29,970 - INFO - ------------------------------------------------------------------------------------------------------------------------
2022-03-02 11:33:29,970 - INFO - 微博id：4742475174643217
2022-03-02 11:33:29,970 - INFO - 微博正文：【微视频｜#人民至上#】“人民对美好生活的向往，就是我们的奋斗目标。”从2012到2022，这十年，“人民至上”成为鲜明的时代强音。把人民群众放在心中最高位置，习近平和中国共产党人初心不改、始终如一。  人民日报的微博视频 
2022-03-02 11:33:29,971 - INFO - 原始图片url：
2022-03-02 11:33:29,971 - INFO - 微博位置：
2022-03-02 11:33:29,971 - INFO - 发布时间：2022-03-02 07:34
2022-03-02 11:33:29,971 - INFO - 发布工具：微博视频号
2022-03-02 11:33:29,971 - INFO - 点赞数：5829
2022-03-02 11:33:29,971 - INFO - 评论数：666
2022-03-02 11:33:29,971 - INFO - 转发数：1378
2022-03-02 11:33:29,971 - INFO - 话题：['人民至上']
2022-03-02 11:33:29,971 - INFO - @用户：
2022-03-02 11:33:29,971 - INFO - url：https://m.weibo.cn/detail/4742475174643217
2022-03-02 11:33:29,971 - INFO - ------------------------------------------------------------------------------------------------------------------------
2022-03-02 11:33:29,971 - INFO - ------------------------------已获取人民日报(2803301701)的第1页微博------------------------------
2022-03-02 11:33:30,189 - INFO - 微博id：4742467633021488
2022-03-02 11:33:30,189 - INFO - 微博正文：【#成年人该懂的9个道理#】别对他人有过高的期待，容易让自己失望，也会让他人有负担；遵从内心，别过于在意他人的看法，我们都是活给自己看的；学会独立，对自己的人生负责；开始行动，只有行动才是治愈焦虑的良药.....那些成长过程中渐渐学会的道理↓↓愿你不负过往和将来，成为想成为的自己。早安。 
2022-03-02 11:33:30,189 - INFO - 原始图片url：https://wx4.sinaimg.cn/large/0033ImPzly1gzv5vcc6pdj60p00p0wg002.jpg,https://wx3.sinaimg.cn/large/0033ImPzly1gzv5vceuwvj60p00p00ue02.jpg,https://wx4.sinaimg.cn/large/0033ImPzly1gzv5vcc9gpj60p00p0gn002.jpg,https://wx1.sinaimg.cn/large/0033ImPzly1gzv5vcbkv6j60p00p0q4e02.jpg,https://wx4.sinaimg.cn/large/0033ImPzly1gzv5vccrjpj60p00p0jsp02.jpg,https://wx2.sinaimg.cn/large/0033ImPzly1gzv5vcdhruj60p00p075w02.jpg,https://wx2.sinaimg.cn/large/0033ImPzly1gzv5vchrj5j60p00p0jsp02.jpg,https://wx1.sinaimg.cn/large/0033ImPzly1gzv5vcl766j60p00p03zu02.jpg,https://wx1.sinaimg.cn/large/0033ImPzly1gzv5vcl31tj60p00p075o02.jpg
2022-03-02 11:33:30,189 - INFO - 微博位置：
2022-03-02 11:33:30,190 - INFO - 发布时间：2022-03-02 07:04
2022-03-02 11:33:30,190 - INFO - 发布工具：微博 weibo.com
2022-03-02 11:33:30,190 - INFO - 点赞数：10431
2022-03-02 11:33:30,190 - INFO - 评论数：2001
2022-03-02 11:33:30,190 - INFO - 转发数：6360
2022-03-02 11:33:30,190 - INFO - 话题：['成年人该懂的9个道理']
2022-03-02 11:33:30,190 - INFO - @用户：
2022-03-02 11:33:30,190 - INFO - url：https://m.weibo.cn/detail/4742467633021488
2022-03-02 11:33:30,190 - INFO - ------------------------------------------------------------------------------------------------------------------------
2022-03-02 11:33:30,345 - INFO - 微博id：4742466361623957
2022-03-02 11:33:30,345 - INFO - 微博正文：【#我驻乌使馆提醒撤离时远离军人和军事目标#】据中国驻乌克兰大使馆：连日来，我公民陆续从乌克兰撤离，途中除了可能遭遇平时安全风险外，还有可能因言语或举止不当引起当地人，特别是军人的误解。请中国公民注意，尽量远离军人和军事目标，避免引起对方误解或刺激对方，产生不必要的安全风险。关于提醒中国公民注意规避安全风险的通知
2022-03-02 11:33:30,345 - INFO - 原始图片url：https://wx1.sinaimg.cn/large/0033ImPzly1gzv5uccfoyj60nz07b76002.jpg
2022-03-02 11:33:30,345 - INFO - 微博位置：
2022-03-02 11:33:30,345 - INFO - 发布时间：2022-03-02 06:59
2022-03-02 11:33:30,345 - INFO - 发布工具：微博 weibo.com
2022-03-02 11:33:30,345 - INFO - 点赞数：4237
2022-03-02 11:33:30,345 - INFO - 评论数：628
2022-03-02 11:33:30,345 - INFO - 转发数：497
2022-03-02 11:33:30,345 - INFO - 话题：['我驻乌使馆提醒撤离时远离军人和军事目标']
2022-03-02 11:33:30,345 - INFO - @用户：
2022-03-02 11:33:30,345 - INFO - url：https://m.weibo.cn/detail/4742466361623957
2022-03-02 11:33:30,346 - INFO - ------------------------------------------------------------------------------------------------------------------------
2022-03-02 11:33:30,537 - INFO - 微博id：4742346706518931
2022-03-02 11:33:30,537 - INFO - 微博正文：【#你好，明天#】中国开始从乌克兰撤出首批公民。车辆徐行，驶向家的方向；挥手告别，心早已飞回家乡。始终惦念同胞安危的，除了国内亲人，还有党和政府。以国家之力护佑安全，尽最大可能护送回家，这是承诺更是行动。相信国家的决心和力量，跨越千山万水，你们一定可以平安顺利到家。N视频的微博视频
2022-03-02 11:33:30,537 - INFO - 原始图片url：
2022-03-02 11:33:30,537 - INFO - 微博位置：
2022-03-02 11:33:30,537 - INFO - 发布时间：2022-03-01 23:03
2022-03-02 11:33:30,537 - INFO - 发布工具：微博视频号
2022-03-02 11:33:30,537 - INFO - 点赞数：11298
2022-03-02 11:33:30,537 - INFO - 评论数：1535
2022-03-02 11:33:30,537 - INFO - 转发数：1269
2022-03-02 11:33:30,537 - INFO - 话题：['你好，明天']
2022-03-02 11:33:30,537 - INFO - @用户：
2022-03-02 11:33:30,538 - INFO - url：https://m.weibo.cn/detail/4742346706518931
2022-03-02 11:33:30,538 - INFO - ------------------------------------------------------------------------------------------------------------------------
2022-03-02 11:33:30,701 - INFO - 微博id：4742339526918843
2022-03-02 11:33:30,702 - INFO - 微博正文：#全国两会#【#建议加强中小学心理教育师资#】河北定州市西关南街小学副校长柴会恩代表建议：加强对学校心理健康教育的政策支持，制定和完善支持与鼓励的相关政策措施。在工作条件、岗位编制、职称待遇、经费设置、科研进修等方面对心理教育教师给于相应的政策支持与鼓励措施，使得优秀人才或在职教师从事中小学心理健康教育工作。成立中小学心理健康教育专家指导机构。本着思想政治素质好、专业学术水平高、教育工作经验丰富，区域内影响力强、作风公道正派、有创新能力、有未成年人心理健康辅导工作经历等教师中择优遴选。本机构在教育行政部门领导下，开展中小学心理健康教育教学的研究、研判、咨询、指导、评估、服务等工作。鼓励开设有心理学学科专业的高校扩大招生规模，加强教育学、心理学等专业课程教学，加大高校心理健康教育人才供给。（人民日报记者葛孟超）
2022-03-02 11:33:30,702 - INFO - 原始图片url：https://wx4.sinaimg.cn/large/0033ImPzly1gzura6o4vmj60hs0w478y02.jpg
2022-03-02 11:33:30,702 - INFO - 微博位置：
2022-03-02 11:33:30,702 - INFO - 发布时间：2022-03-01 22:35
2022-03-02 11:33:30,702 - INFO - 发布工具：微博 weibo.com
2022-03-02 11:33:30,702 - INFO - 点赞数：22142
2022-03-02 11:33:30,702 - INFO - 评论数：1614
2022-03-02 11:33:30,702 - INFO - 转发数：1218
2022-03-02 11:33:30,702 - INFO - 话题：['全国两会', '建议加强中小学心理教育师资']
2022-03-02 11:33:30,702 - INFO - @用户：
2022-03-02 11:33:30,702 - INFO - url：https://m.weibo.cn/detail/4742339526918843
2022-03-02 11:33:30,702 - INFO - ------------------------------------------------------------------------------------------------------------------------
2022-03-02 11:33:30,703 - INFO - 微博id：4742332697811252
2022-03-02 11:33:30,703 - INFO - 微博正文：【夜读：#8个方法让生活越过越好#】纠结时，写下来；愤怒时，冷静10秒；低谷时，沉淀自己……你对生活有多少热情，生活就会回馈你多少精彩。从现在起，学会这8个方法，把日子过得越来越有滋味，让生活成为你想要的模样。 【夜读】想要生活越过越好，试试这8个方法 
2022-03-02 11:33:30,703 - INFO - 原始图片url：
2022-03-02 11:33:30,703 - INFO - 微博位置：
2022-03-02 11:33:30,703 - INFO - 发布时间：2022-03-01 22:08
2022-03-02 11:33:30,703 - INFO - 发布工具：微博 weibo.com
2022-03-02 11:33:30,703 - INFO - 点赞数：18720
2022-03-02 11:33:30,703 - INFO - 评论数：1845
2022-03-02 11:33:30,703 - INFO - 转发数：10543
2022-03-02 11:33:30,703 - INFO - 话题：['8个方法让生活越过越好']
2022-03-02 11:33:30,703 - INFO - @用户：
2022-03-02 11:33:30,703 - INFO - url：https://m.weibo.cn/detail/4742332697811252
2022-03-02 11:33:30,703 - INFO - ------------------------------------------------------------------------------------------------------------------------
2022-03-02 11:33:30,849 - INFO - 微博id：4742326104885857
2022-03-02 11:33:30,849 - INFO - 微博正文：【#王毅与乌克兰外长通电话#，重点就确保中国在乌公民安全表明立场】3月1日，国务委员兼外长王毅应约同乌克兰外长库列巴通电话。库列巴介绍了乌俄首轮谈判情况，表示结束战事是乌方的最优先任务，乌方对谈判解决乌克兰问题持开放态度，怀着积极诚意对待乌俄谈判。尽管当前谈判进展并不顺利，乌方仍保持冷静，愿继续推进谈判。中方在乌克兰问题上发挥了建设性作用，乌方愿同中方加强沟通，期待中方为实现停火开展斡旋。王毅表示，乌克兰局势急剧变化，中方对乌俄爆发冲突感到痛惜，对平民受到伤害极为关注。中方在乌克兰问题上的基本立场是公开、透明和一贯的。我们始终主张尊重各国的主权和领土完整。针对当前危机，中方呼吁乌俄通过谈判找到解决问题的办法，支持国际上一切有利于政治解决的建设性努力。王毅强调，中方始终认为，一国安全不能以损害他国安全为代价，地区安全不能以扩张军事集团来实现。针对战事不断扩大，当务之急是尽可能缓解现地局势，避免冲突升级甚至失控，尤其是防止对平民的伤害和出现人道主义危机，还应确保人道主义援助安全及时准入。王毅重点就确保中国在乌公民安全表明立场，督促乌方承担相应国际责任。王毅强调，中国政府高度重视在乌中国公民安全状况，每时每刻牵挂着他们的安危。在乌中国公民都是中乌友好的使者，都是乌克兰人民的朋友。中方撤离在乌留学人员及侨民的进程正在推进，感谢乌方的支持配合和乌社会各界的友好帮助。中方赞赏乌方开设外国侨民撤离专列，这符合国际人道主义精神。希望乌方采取一切必要措施确保在乌中国公民安全，并继续为中国公民撤离提供保障和便利。库列巴表示，确保外国公民安全是乌方重要职责。乌方高度重视中方关切，正在协助中国留学生等顺利撤离。乌方将继续本着负责任态度，做好外国公民安全撤离的相关保障。
2022-03-02 11:33:30,849 - INFO - 原始图片url：https://wx2.sinaimg.cn/large/0033ImPzly1gzupx73desj60qs0nzq7302.jpg
2022-03-02 11:33:30,849 - INFO - 微博位置：
2022-03-02 11:33:30,849 - INFO - 发布时间：2022-03-01 21:41
2022-03-02 11:33:30,849 - INFO - 发布工具：微博 weibo.com
2022-03-02 11:33:30,850 - INFO - 点赞数：48690
2022-03-02 11:33:30,850 - INFO - 评论数：3225
2022-03-02 11:33:30,850 - INFO - 转发数：1368
2022-03-02 11:33:30,850 - INFO - 话题：['王毅与乌克兰外长通电话']
2022-03-02 11:33:30,850 - INFO - @用户：
2022-03-02 11:33:30,850 - INFO - url：https://m.weibo.cn/detail/4742326104885857
2022-03-02 11:33:30,850 - INFO - ------------------------------------------------------------------------------------------------------------------------
2022-03-02 11:33:30,850 - INFO - 微博id：4742320090256406
2022-03-02 11:33:30,850 - INFO - 微博正文：【美不胜收！#壶口瀑布藏着通天彩虹#】近日大地回暖，初春乍到，山西吉县黄河壶口瀑布景区，从空中俯瞰主瀑布水流湍急，溅起巨大水雾腾空而起，瀑布上空出现了色彩斑斓的彩虹，令人心动。陕视新闻的微博视频 
2022-03-02 11:33:30,850 - INFO - 原始图片url：
2022-03-02 11:33:30,851 - INFO - 微博位置：
2022-03-02 11:33:30,851 - INFO - 发布时间：2022-03-01 21:18
2022-03-02 11:33:30,851 - INFO - 发布工具：微博视频号
2022-03-02 11:33:30,851 - INFO - 点赞数：3902
2022-03-02 11:33:30,851 - INFO - 评论数：698
2022-03-02 11:33:30,851 - INFO - 转发数：933
2022-03-02 11:33:30,851 - INFO - 话题：['壶口瀑布藏着通天彩虹']
2022-03-02 11:33:30,851 - INFO - @用户：
2022-03-02 11:33:30,851 - INFO - url：https://m.weibo.cn/detail/4742320090256406
2022-03-02 11:33:30,851 - INFO - ------------------------------------------------------------------------------------------------------------------------
2022-03-02 11:33:30,998 - INFO - 微博id：4742314596240741
2022-03-02 11:33:30,998 - INFO - 微博正文：【#陕西针对铁笼女事件成立调查组#】据陕西榆林市公安局通报，2022年3月1日0时许，微信公众号“现实的模样”发布：“陕西佳县暴出‘铁笼女’，悲惨遭遇堪比江苏丰县的‘铁链女’”。榆林市高度重视，立即成立由榆林市公安局牵头，相关部门参与的联合调查组进行调查。目前，调查工作正在进行。警方通报
2022-03-02 11:33:30,998 - INFO - 原始图片url：https://wx2.sinaimg.cn/large/0033ImPzly1gzuof2lnyhj60er0awmy102.jpg
2022-03-02 11:33:30,998 - INFO - 微博位置：
2022-03-02 11:33:30,998 - INFO - 发布时间：2022-03-01 20:56
2022-03-02 11:33:30,998 - INFO - 发布工具：微博 weibo.com
2022-03-02 11:33:30,998 - INFO - 点赞数：207531
2022-03-02 11:33:30,998 - INFO - 评论数：5958
2022-03-02 11:33:30,998 - INFO - 转发数：14293
2022-03-02 11:33:30,999 - INFO - 话题：['陕西针对铁笼女事件成立调查组']
2022-03-02 11:33:30,999 - INFO - @用户：
2022-03-02 11:33:30,999 - INFO - url：https://m.weibo.cn/detail/4742314596240741
2022-03-02 11:33:30,999 - INFO - ------------------------------------------------------------------------------------------------------------------------
2022-03-02 11:33:30,999 - INFO - 微博id：4742307816932549
2022-03-02 11:33:30,999 - INFO - 微博正文：【#新疆大哥马背上捡国旗揣怀里#】近日，新疆克州阿图什市，一位柯尔克孜族大哥在马背上弯腰捡起落在地上的国旗，用手将国旗擦干净后小心翼翼地揣进怀里。网友：把国旗放在离心脏最近的地方，这就是信仰！ 人民视频的微博视频 
2022-03-02 11:33:30,999 - INFO - 原始图片url：
2022-03-02 11:33:30,999 - INFO - 微博位置：
2022-03-02 11:33:30,999 - INFO - 发布时间：2022-03-01 20:29
2022-03-02 11:33:30,999 - INFO - 发布工具：微博视频号
2022-03-02 11:33:31,000 - INFO - 点赞数：14921
2022-03-02 11:33:31,000 - INFO - 评论数：689
2022-03-02 11:33:31,000 - INFO - 转发数：708
2022-03-02 11:33:31,000 - INFO - 话题：['新疆大哥马背上捡国旗揣怀里']
2022-03-02 11:33:31,000 - INFO - @用户：
2022-03-02 11:33:31,000 - INFO - url：https://m.weibo.cn/detail/4742307816932549
2022-03-02 11:33:31,000 - INFO - ------------------------------------------------------------------------------------------------------------------------
2022-03-02 11:33:31,000 - INFO - 微博id：4742301777658314
2022-03-02 11:33:31,000 - INFO - 微博正文：【#辽宁副省长王大伟被查#】辽宁省副省长、省公安厅厅长王大伟涉嫌严重违纪违法，目前正接受中央纪委国家监委纪律审查和监察调查。 
2022-03-02 11:33:31,000 - INFO - 原始图片url：https://wx4.sinaimg.cn/large/0033ImPzly1gzumy2to8sj60xc0fv76y02.jpg
2022-03-02 11:33:31,000 - INFO - 微博位置：
2022-03-02 11:33:31,000 - INFO - 发布时间：2022-03-01 20:05
2022-03-02 11:33:31,001 - INFO - 发布工具：微博 weibo.com
2022-03-02 11:33:31,001 - INFO - 点赞数：43255
2022-03-02 11:33:31,001 - INFO - 评论数：3829
2022-03-02 11:33:31,001 - INFO - 转发数：1013
2022-03-02 11:33:31,001 - INFO - 话题：['辽宁副省长王大伟被查']
2022-03-02 11:33:31,001 - INFO - @用户：
2022-03-02 11:33:31,001 - INFO - url：https://m.weibo.cn/detail/4742301777658314
2022-03-02 11:33:31,001 - INFO - ------------------------------------------------------------------------------------------------------------------------
2022-03-02 11:33:31,001 - INFO - ------------------------------已获取人民日报(2803301701)的第2页微博------------------------------
2022-03-02 11:33:31,250 - INFO - 微博id：4742297260655000
2022-03-02 11:33:31,250 - INFO - 微博正文：【动起来！#2个动作强化腿部力量#】还在刷手机的你，每天安排一点时间，锻炼一下腿部力量吧！零基础也能跟着一起练！CCTV生活圈的微博视频 
2022-03-02 11:33:31,250 - INFO - 原始图片url：
2022-03-02 11:33:31,250 - INFO - 微博位置：
2022-03-02 11:33:31,250 - INFO - 发布时间：2022-03-01 19:47
2022-03-02 11:33:31,250 - INFO - 发布工具：微博视频号
2022-03-02 11:33:31,250 - INFO - 点赞数：1614
2022-03-02 11:33:31,250 - INFO - 评论数：271
2022-03-02 11:33:31,250 - INFO - 转发数：838
2022-03-02 11:33:31,250 - INFO - 话题：['2个动作强化腿部力量']
2022-03-02 11:33:31,250 - INFO - @用户：
2022-03-02 11:33:31,250 - INFO - url：https://m.weibo.cn/detail/4742297260655000
2022-03-02 11:33:31,251 - INFO - ------------------------------------------------------------------------------------------------------------------------
2022-03-02 11:33:43,338 - INFO - 微博id：4742292202850144
2022-03-02 11:33:43,338 - INFO - 微博正文：【#北京冬残奥会英国火种采集完毕#】当地时间28日，英国曼德维尔举办北京2022年冬残奥会火种采集仪式，这一火种随后将和来自北京、延庆、张家口的8路火种汇集，生成北京冬残奥会官方火种。英国白金汉郡艾尔斯伯里的曼德维尔是残奥会发祥地。3月4日，#北京冬残奥会开幕式#将举行，一起期待！央视网快看的微博视频
2022-03-02 11:33:43,338 - INFO - 原始图片url：
2022-03-02 11:33:43,338 - INFO - 微博位置：
2022-03-02 11:33:43,338 - INFO - 发布时间：2022-03-01 19:27
2022-03-02 11:33:43,338 - INFO - 发布工具：微博视频号
2022-03-02 11:33:43,338 - INFO - 点赞数：1918
2022-03-02 11:33:43,338 - INFO - 评论数：227
2022-03-02 11:33:43,338 - INFO - 转发数：237
2022-03-02 11:33:43,338 - INFO - 话题：['北京冬残奥会英国火种采集完毕', '北京冬残奥会开幕式']
2022-03-02 11:33:43,338 - INFO - @用户：
2022-03-02 11:33:43,338 - INFO - url：https://m.weibo.cn/detail/4742292202850144
2022-03-02 11:33:43,339 - INFO - ------------------------------------------------------------------------------------------------------------------------
2022-03-02 11:33:43,486 - INFO - 微博id：4742284745117385
2022-03-02 11:33:43,486 - INFO - 微博正文：#中青年干部培训班金句#【习近平：共产党人必须牢记 为民造福是最大政绩】2022年春季学期中央党校（国家行政学院）中青年干部培训班3月1日上午在中央党校开班。中共中央总书记、国家主席、中央军委主席习近平在开班式上发表重要讲话。转发，收藏，学习↓↓ 
2022-03-02 11:33:43,486 - INFO - 原始图片url：https://wx1.sinaimg.cn/large/0033ImPzly1gzukw5xbhlj60u01hc49k02.jpg,https://wx1.sinaimg.cn/large/0033ImPzly1gzukw62gq1j60u01hcdr702.jpg,https://wx1.sinaimg.cn/large/0033ImPzly1gzukw5x03jj60u01hcwpn02.jpg,https://wx1.sinaimg.cn/large/0033ImPzly1gzukw62rdej60u01hctjg02.jpg,https://wx2.sinaimg.cn/large/0033ImPzly1gzukw6cqnnj60u01hcguh02.jpg,https://wx2.sinaimg.cn/large/0033ImPzly1gzukw5ucaej60u01hcn5n02.jpg,https://wx3.sinaimg.cn/large/0033ImPzly1gzukw6a37dj60u01hcgtv02.jpg,https://wx3.sinaimg.cn/large/0033ImPzly1gzukw6f1ehj60u01hcgug02.jpg,https://wx3.sinaimg.cn/large/0033ImPzly1gzukw6ov1qj60u01hc13802.jpg,https://wx4.sinaimg.cn/large/0033ImPzly1gzukw6vzenj60u01hc15n02.jpg,https://wx4.sinaimg.cn/large/0033ImPzly1gzukw7puzlj60u01hctl902.jpg,https://wx4.sinaimg.cn/large/0033ImPzly1gzukw701alj60u01hc13v02.jpg,https://wx1.sinaimg.cn/large/0033ImPzly1gzukw7aymaj60u01hc4b602.jpg,https://wx2.sinaimg.cn/large/0033ImPzly1gzukw7fi5xj60u01hcn8102.jpg,https://wx2.sinaimg.cn/large/0033ImPzly1gzukw7iq1fj60u01hctjj02.jpg,https://wx4.sinaimg.cn/large/0033ImPzly1gzukw7u5g7j60u01hcdr002.jpg,https://wx1.sinaimg.cn/large/0033ImPzly1gzukw7q0d2j60u01hctl002.jpg,https://wx3.sinaimg.cn/large/0033ImPzly1gzukw7wwoej60u01hcds302.jpg
2022-03-02 11:33:43,486 - INFO - 微博位置：
2022-03-02 11:33:43,486 - INFO - 发布时间：2022-03-01 18:57
2022-03-02 11:33:43,486 - INFO - 发布工具：微博 weibo.com
2022-03-02 11:33:43,486 - INFO - 点赞数：10477
2022-03-02 11:33:43,486 - INFO - 评论数：742
2022-03-02 11:33:43,486 - INFO - 转发数：6077
2022-03-02 11:33:43,486 - INFO - 话题：['中青年干部培训班金句']
2022-03-02 11:33:43,486 - INFO - @用户：
2022-03-02 11:33:43,486 - INFO - url：https://m.weibo.cn/detail/4742284745117385
2022-03-02 11:33:43,486 - INFO - ------------------------------------------------------------------------------------------------------------------------
2022-03-02 11:33:43,640 - INFO - 微博id：4742268487205961
2022-03-02 11:33:43,640 - INFO - 微博正文：【#国台办回应美前参联会主席窜访台湾#：#任何所谓挺台之举阻挡不了统一进程#】3月1日，国台办发言人答记者问。记者问：3月1日美前参联会主席马伦等人窜访台湾。民进党当局表示欢迎。对此有何评论？朱凤莲回应，靠勾结外部势力换不来安全，换不来台湾民众的福祉，只会进一步让台湾沦为外部势力反华遏华的棋子。民进党当局乞灵于外部势力为自已谋“独”挑衅撑腰壮胆，一条道走到黑，只会加速灭亡。我们坚决反对美国同中国台湾地区以任何借口、进行任何形式的官方往来。任何所谓“挺台”之举改变不了台湾是中国一部分的事实，也阻挡不了中国的统一进程和民族复兴。我们敦促美方恪守一个中国原则和中美三个联合公报有关规定，停止在台湾问题上继续玩火。（江琳）网页链接
2022-03-02 11:33:43,640 - INFO - 原始图片url：https://wx4.sinaimg.cn/large/0033ImPzly1gzuj48b5toj60z50ne0w202.jpg
2022-03-02 11:33:43,640 - INFO - 微博位置：
2022-03-02 11:33:43,641 - INFO - 发布时间：2022-03-01 17:52
2022-03-02 11:33:43,641 - INFO - 发布工具：微博 weibo.com
2022-03-02 11:33:43,641 - INFO - 点赞数：8899
2022-03-02 11:33:43,641 - INFO - 评论数：1274
2022-03-02 11:33:43,641 - INFO - 转发数：467
2022-03-02 11:33:43,641 - INFO - 话题：['国台办回应美前参联会主席窜访台湾', '任何所谓挺台之举阻挡不了统一进程']
2022-03-02 11:33:43,641 - INFO - @用户：
2022-03-02 11:33:43,641 - INFO - url：https://m.weibo.cn/detail/4742268487205961
2022-03-02 11:33:43,641 - INFO - ------------------------------------------------------------------------------------------------------------------------
2022-03-02 11:33:43,813 - INFO - 微博id：4742264708663194
2022-03-02 11:33:43,813 - INFO - 微博正文：【#冰墩墩让人忍不住想戳#】北京冬奥后“冰墩墩”依旧热度不减，近日，英国小哥@司徒建国Stu 点评历届冬奥吉祥物：包括1968年格勒诺布尔的“舒斯”、1976年因斯布鲁克的“施尼曼德尔”等，他认为“冰墩墩”是最萌的冬奥吉祥物之一。 “冰墩墩”有可爱迷人的大眼睛、肥墩墩的身子，引得了很多人的喜爱，另外“雪容融”也很可爱！#老外点评历届冬奥吉祥物#  人民日报的微博视频
2022-03-02 11:33:43,813 - INFO - 原始图片url：
2022-03-02 11:33:43,813 - INFO - 微博位置：
2022-03-02 11:33:43,813 - INFO - 发布时间：2022-03-01 17:37
2022-03-02 11:33:43,813 - INFO - 发布工具：微博视频号
2022-03-02 11:33:43,813 - INFO - 点赞数：8759
2022-03-02 11:33:43,814 - INFO - 评论数：706
2022-03-02 11:33:43,814 - INFO - 转发数：796
2022-03-02 11:33:43,814 - INFO - 话题：['冰墩墩让人忍不住想戳', '老外点评历届冬奥吉祥物']
2022-03-02 11:33:43,814 - INFO - @用户：司徒建国Stu
2022-03-02 11:33:43,814 - INFO - url：https://m.weibo.cn/detail/4742264708663194
2022-03-02 11:33:43,814 - INFO - ------------------------------------------------------------------------------------------------------------------------
2022-03-02 11:33:43,979 - INFO - 微博id：4742262804450442
2022-03-02 11:33:43,979 - INFO - 微博正文：【#美国拿丹麦儿童做人体实验#，“人权”何在？】日前，揭露美国中情局在上世纪60年代对丹麦儿童进行秘密人体实验的纪录片《寻找自我》引发世界关注。美国政府常把“人权”“民主”挂在嘴边，却总说一套做一套。美国政府应该做的，是向这些受害者道歉、赔偿！这部#讽刺短剧揭美国儿童人体实验#↓↓  人民日报的微博视频
2022-03-02 11:33:43,979 - INFO - 原始图片url：
2022-03-02 11:33:43,979 - INFO - 微博位置：
2022-03-02 11:33:43,979 - INFO - 发布时间：2022-03-01 17:30
2022-03-02 11:33:43,979 - INFO - 发布工具：微博视频号
2022-03-02 11:33:43,979 - INFO - 点赞数：283962
2022-03-02 11:33:43,979 - INFO - 评论数：11579
2022-03-02 11:33:43,979 - INFO - 转发数：15557
2022-03-02 11:33:43,980 - INFO - 话题：['美国拿丹麦儿童做人体实验', '讽刺短剧揭美国儿童人体实验']
2022-03-02 11:33:43,980 - INFO - @用户：
2022-03-02 11:33:43,980 - INFO - url：https://m.weibo.cn/detail/4742262804450442
2022-03-02 11:33:43,980 - INFO - ------------------------------------------------------------------------------------------------------------------------
2022-03-02 11:33:44,136 - INFO - 微博id：4742246559124150
2022-03-02 11:33:44,136 - INFO - 微博正文：#全国两会#【#建议高考纸版电子版准考证并行认证#】中国社会科学院语言研究所研究员王灿龙委员建议：进一步完善考生的身份认证制度，采取纸质证件认证和电子证件认证并举的方式。目前，各类考试实行的都是网上报名，网上建档；考生的所有个人相关信息都已电子化。因此，可在各考点配备一台连网的计算机，发现有考生忘带准考证或准考证损毁的，即通过网上信息现场比对认证，也可以再配备一台打印机，实时打印准考证，及时补发。为了防止以上措施使考生松懈地对待考场纪律从而导致忘带、丢失或损毁准考证的情况大面积发生，可采取经济手段对这类考生予以惩戒，比如事后收取不低数额的现场查询、核对、打印等事务的费用，并给予通报批评。（人民日报记者常钦）
2022-03-02 11:33:44,136 - INFO - 原始图片url：https://wx3.sinaimg.cn/large/0033ImPzly1gzuglt1hd1j60e50mhq6202.jpg
2022-03-02 11:33:44,136 - INFO - 微博位置：
2022-03-02 11:33:44,136 - INFO - 发布时间：2022-03-01 16:25
2022-03-02 11:33:44,136 - INFO - 发布工具：微博 weibo.com
2022-03-02 11:33:44,136 - INFO - 点赞数：30764
2022-03-02 11:33:44,136 - INFO - 评论数：1365
2022-03-02 11:33:44,136 - INFO - 转发数：500
2022-03-02 11:33:44,136 - INFO - 话题：['全国两会', '建议高考纸版电子版准考证并行认证']
2022-03-02 11:33:44,136 - INFO - @用户：
2022-03-02 11:33:44,136 - INFO - url：https://m.weibo.cn/detail/4742246559124150
2022-03-02 11:33:44,136 - INFO - ------------------------------------------------------------------------------------------------------------------------
2022-03-02 11:33:44,510 - INFO - 微博id：4742239568269040
2022-03-02 11:33:44,510 - INFO - 微博正文：【#外交部回应美舰过航台湾海峡#：这套把戏还是留给迷信霸权的人看吧】外交部例行记者会有记者提问：美国海军“约翰逊”号导弹驱逐舰近日通过台湾海峡并对此进行了公开地炒作。发言人对此有何评论？汪文斌：美方炒作美舰过航台湾海峡，不知其意欲何为？如果美方想要借此给台独分子撑腰打气的话，我们要告诉美方，这只会加速“台独”势力的覆灭，美方也将为其冒险行径付出沉重代价。如果美方试图以此向中方施压的话，我们要正告美方，在14亿中国人民组成的钢铁长城面前，任何军力威慑都形如废铁。美舰过航台湾海峡这套把戏还是留给那些迷信霸权的人看吧。（人民日报记者任皓宇） 人民视频的微博视频
2022-03-02 11:33:44,510 - INFO - 原始图片url：
2022-03-02 11:33:44,510 - INFO - 微博位置：
2022-03-02 11:33:44,510 - INFO - 发布时间：2022-03-01 15:58
2022-03-02 11:33:44,510 - INFO - 发布工具：微博视频号
2022-03-02 11:33:44,511 - INFO - 点赞数：6005
2022-03-02 11:33:44,511 - INFO - 评论数：703
2022-03-02 11:33:44,511 - INFO - 转发数：539
2022-03-02 11:33:44,511 - INFO - 话题：['外交部回应美舰过航台湾海峡']
2022-03-02 11:33:44,511 - INFO - @用户：
2022-03-02 11:33:44,511 - INFO - url：https://m.weibo.cn/detail/4742239568269040
2022-03-02 11:33:44,511 - INFO - ------------------------------------------------------------------------------------------------------------------------
2022-03-02 11:33:44,861 - INFO - 微博id：4742236359362888
2022-03-02 11:33:44,861 - INFO - 微博正文：【#外交部回应拜登授意跨党派团体访台#：派任何人都是徒劳的】今日外交部发布会，有记者提问：据报道，今天美国总统拜登授意派遣跨党派访问团访台。访问团由美前参谋长联席会议主席穆伦率领，成员背景均以国防及国安为主，蔡英文将于3月2日上午在台北接见该访团，请问中方对此有何评论？汪文斌：中国人民捍卫国家主权和领土完整的决心和意志坚定不移，美方派任何人展示所谓对台支持都是徒劳的。中方敦促美方恪守一个中国原则和中美三个联合公报规定，停止任何形式的美台官方往来，慎重处理涉台问题，以免进一步严重损害中美关系大局。（人民日报记者任皓宇）人民视频的微博视频
2022-03-02 11:33:44,861 - INFO - 原始图片url：https://wx1.sinaimg.cn/large/0033ImPzly1gzuffecwolj61900u077902.jpg
2022-03-02 11:33:44,862 - INFO - 微博位置：
2022-03-02 11:33:44,862 - INFO - 发布时间：2022-03-01 15:45
2022-03-02 11:33:44,862 - INFO - 发布工具：微博 weibo.com
2022-03-02 11:33:44,862 - INFO - 点赞数：59152
2022-03-02 11:33:44,862 - INFO - 评论数：4865
2022-03-02 11:33:44,862 - INFO - 转发数：1104
2022-03-02 11:33:44,862 - INFO - 话题：['外交部回应拜登授意跨党派团体访台']
2022-03-02 11:33:44,862 - INFO - @用户：
2022-03-02 11:33:44,862 - INFO - url：https://m.weibo.cn/detail/4742236359362888
2022-03-02 11:33:44,862 - INFO - ------------------------------------------------------------------------------------------------------------------------
2022-03-02 11:33:44,862 - INFO - 微博id：4742230667169389
2022-03-02 11:33:44,862 - INFO - 微博正文：【收藏！#奋进新征程建功新时代推荐书单#】解读共同富裕宏伟蓝图的《奋力迈上共同富裕之路》、记录北京冬奥会筹办始末的《中国冬奥》、《觉醒年代》编剧龙平平在热播剧基础上进行艺术加工的同名长篇小说《觉醒年代》↓↓↓中宣部出版局#奋进新征程·建功新时代#好书荐读活动3月书单，学习！ 
2022-03-02 11:33:44,863 - INFO - 原始图片url：https://wx4.sinaimg.cn/large/0033ImPzly1gzuerdm80cj60sicmxx6p02.jpg
2022-03-02 11:33:44,863 - INFO - 微博位置：
2022-03-02 11:33:44,863 - INFO - 发布时间：2022-03-01 15:22
2022-03-02 11:33:44,863 - INFO - 发布工具：微博 weibo.com
2022-03-02 11:33:44,863 - INFO - 点赞数：1255
2022-03-02 11:33:44,863 - INFO - 评论数：186
2022-03-02 11:33:44,863 - INFO - 转发数：471
2022-03-02 11:33:44,863 - INFO - 话题：['奋进新征程建功新时代推荐书单', '奋进新征程·建功新时代']
2022-03-02 11:33:44,863 - INFO - @用户：
2022-03-02 11:33:44,863 - INFO - url：https://m.weibo.cn/detail/4742230667169389
2022-03-02 11:33:44,863 - INFO - ------------------------------------------------------------------------------------------------------------------------
2022-03-02 11:33:44,863 - INFO - ------------------------------已获取人民日报(2803301701)的第3页微博------------------------------
2022-03-02 11:33:45,098 - INFO - 微博id：4742224933815842
2022-03-02 11:33:45,098 - INFO - 微博正文：【#罕见的雪后大漠奇观#！#敦煌铁路在绝美落雪戈壁中延伸#】近期受冷空气影响，甘肃河西地区迎来大范围降雪天气。沙漠戈壁被皑皑白雪覆盖，连绵不绝的沙丘上形成虎斑纹样，如同一幅清秀淡雅的水墨画。敦煌铁路穿越其中，列车缓缓驶过。（中国铁路）  人民日报的微博视频 
2022-03-02 11:33:45,098 - INFO - 原始图片url：
2022-03-02 11:33:45,098 - INFO - 微博位置：
2022-03-02 11:33:45,098 - INFO - 发布时间：2022-03-01 14:59
2022-03-02 11:33:45,098 - INFO - 发布工具：微博视频号
2022-03-02 11:33:45,098 - INFO - 点赞数：4554
2022-03-02 11:33:45,098 - INFO - 评论数：753
2022-03-02 11:33:45,099 - INFO - 转发数：1240
2022-03-02 11:33:45,099 - INFO - 话题：['罕见的雪后大漠奇观', '敦煌铁路在绝美落雪戈壁中延伸']
2022-03-02 11:33:45,099 - INFO - @用户：
2022-03-02 11:33:45,099 - INFO - url：https://m.weibo.cn/detail/4742224933815842
2022-03-02 11:33:45,099 - INFO - ------------------------------------------------------------------------------------------------------------------------
2022-03-02 11:33:46,207 - INFO - 微博id：4742214707578610
2022-03-02 11:33:46,207 - INFO - 微博正文：#全国两会#【蒋胜男代表：#建议扩大拐卖收买共同犯罪打击范围#】全国人大代表、温州大学研究员蒋胜男建议：扩大拐卖、收买共同犯罪的打击范围。在受害人被拐卖、收买的过程中，凡是帮助维持、恢复受害人受拘禁、受强制、受侵犯状态的行为，都应视为拐卖或收买的共同犯罪行为，一律追究刑事责任。任何人以任何方式阻碍解救的，视不同情况，分别按妨碍公务罪、收买妇女、儿童的共同犯罪等追究刑事责任。（人民日报记者张珊珊）
2022-03-02 11:33:46,207 - INFO - 原始图片url：https://wx3.sinaimg.cn/large/0033ImPzly1gzucxvpnxcj60hs0s70x502.jpg
2022-03-02 11:33:46,207 - INFO - 微博位置：
2022-03-02 11:33:46,207 - INFO - 发布时间：2022-03-01 14:19
2022-03-02 11:33:46,207 - INFO - 发布工具：微博 weibo.com
2022-03-02 11:33:46,207 - INFO - 点赞数：37125
2022-03-02 11:33:46,207 - INFO - 评论数：1836
2022-03-02 11:33:46,207 - INFO - 转发数：5004
2022-03-02 11:33:46,207 - INFO - 话题：['全国两会', '建议扩大拐卖收买共同犯罪打击范围']
2022-03-02 11:33:46,207 - INFO - @用户：
2022-03-02 11:33:46,207 - INFO - url：https://m.weibo.cn/detail/4742214707578610
2022-03-02 11:33:46,207 - INFO - ------------------------------------------------------------------------------------------------------------------------
2022-03-02 11:33:46,208 - INFO - 微博id：4742203967015095
2022-03-02 11:33:46,208 - INFO - 微博正文：【#记者会上俄代表被电话通知美驱逐其人员#】当地时间2月28日，#安理会轮值主席记者会上戏剧性一幕#：俄方代表涅边贾发言被一通电话打断。俄罗斯常驻联合国代表团收到美国通知，通知称12名俄罗斯代表团工作人员被列为“不受欢迎人员”，并要求在3月7日前离境。  人民日报的微博视频 
2022-03-02 11:33:46,208 - INFO - 原始图片url：
2022-03-02 11:33:46,208 - INFO - 微博位置：
2022-03-02 11:33:46,208 - INFO - 发布时间：2022-03-01 13:36
2022-03-02 11:33:46,208 - INFO - 发布工具：微博视频号
2022-03-02 11:33:46,208 - INFO - 点赞数：18413
2022-03-02 11:33:46,208 - INFO - 评论数：1320
2022-03-02 11:33:46,208 - INFO - 转发数：862
2022-03-02 11:33:46,208 - INFO - 话题：['记者会上俄代表被电话通知美驱逐其人员', '安理会轮值主席记者会上戏剧性一幕']
2022-03-02 11:33:46,209 - INFO - @用户：
2022-03-02 11:33:46,209 - INFO - url：https://m.weibo.cn/detail/4742203967015095
2022-03-02 11:33:46,209 - INFO - ------------------------------------------------------------------------------------------------------------------------
2022-03-02 11:33:46,209 - INFO - 微博id：4742190947370061
2022-03-02 11:33:46,209 - INFO - 微博正文：【厉害！#男子用废料做上千件微型家具#，最小的茶杯仅3毫米】上海普陀47岁的李先生，曾从事家具设计工作，他用废弃木料做微型家具，呈现从唐代到民国时期的家具变化，30年来做了上千件小家具。李先生说，做这些微型木工不为了卖，就是满足自己想做的一些事，留时间取悦自己。大米Video的微博视频 
2022-03-02 11:33:46,209 - INFO - 原始图片url：
2022-03-02 11:33:46,209 - INFO - 微博位置：
2022-03-02 11:33:46,209 - INFO - 发布时间：2022-03-01 12:44
2022-03-02 11:33:46,210 - INFO - 发布工具：微博视频号
2022-03-02 11:33:46,210 - INFO - 点赞数：13537
2022-03-02 11:33:46,210 - INFO - 评论数：948
2022-03-02 11:33:46,210 - INFO - 转发数：2547
2022-03-02 11:33:46,210 - INFO - 话题：['男子用废料做上千件微型家具']
2022-03-02 11:33:46,210 - INFO - @用户：
2022-03-02 11:33:46,210 - INFO - url：https://m.weibo.cn/detail/4742190947370061
2022-03-02 11:33:46,210 - INFO - ------------------------------------------------------------------------------------------------------------------------
2022-03-02 11:33:46,210 - INFO - 微博id：4742180353346083
2022-03-02 11:33:46,211 - INFO - 微博正文：【转给小伙伴一起期待！#3月将上演三星伴月#】3月，天宇将上演三星伴月、金星西大距等精彩天象。其中，金星西大距将于20日上演；28日，金星火星土星将出现在东南方的低空，一轮残月也将来到它们旁边，构成三星伴月的美丽景观。收好#3月精彩天象#↓↓央视网的微博视频 
2022-03-02 11:33:46,211 - INFO - 原始图片url：
2022-03-02 11:33:46,211 - INFO - 微博位置：
2022-03-02 11:33:46,211 - INFO - 发布时间：2022-03-01 12:02
2022-03-02 11:33:46,211 - INFO - 发布工具：微博视频号
2022-03-02 11:33:46,211 - INFO - 点赞数：2510
2022-03-02 11:33:46,211 - INFO - 评论数：386
2022-03-02 11:33:46,211 - INFO - 转发数：707
2022-03-02 11:33:46,211 - INFO - 话题：['3月将上演三星伴月', '3月精彩天象']
2022-03-02 11:33:46,211 - INFO - @用户：
2022-03-02 11:33:46,211 - INFO - url：https://m.weibo.cn/detail/4742180353346083
2022-03-02 11:33:46,211 - INFO - ------------------------------------------------------------------------------------------------------------------------
2022-03-02 11:33:46,212 - INFO - 微博id：4742169364269289
2022-03-02 11:33:46,212 - INFO - 微博正文：【乌克兰驻欧盟代表：#欧盟启动审议乌克兰申请程序#】据央视，3月1日，乌克兰驻欧盟代表弗谢沃洛德·琴佐夫（Vsevolod Chentsov）表示，欧盟已正式启动审议乌克兰申请加入的程序。 
2022-03-02 11:33:46,212 - INFO - 原始图片url：https://wx3.sinaimg.cn/large/0033ImPzly1gzu7ql6rwvj60ob0obju502.jpg
2022-03-02 11:33:46,212 - INFO - 微博位置：
2022-03-02 11:33:46,212 - INFO - 发布时间：2022-03-01 11:19
2022-03-02 11:33:46,212 - INFO - 发布工具：微博 weibo.com
2022-03-02 11:33:46,212 - INFO - 点赞数：12909
2022-03-02 11:33:46,212 - INFO - 评论数：1553
2022-03-02 11:33:46,212 - INFO - 转发数：384
2022-03-02 11:33:46,212 - INFO - 话题：['欧盟启动审议乌克兰申请程序']
2022-03-02 11:33:46,212 - INFO - @用户：
2022-03-02 11:33:46,212 - INFO - url：https://m.weibo.cn/detail/4742169364269289
2022-03-02 11:33:46,212 - INFO - ------------------------------------------------------------------------------------------------------------------------
2022-03-02 11:33:46,213 - INFO - 微博id：4742166193112291
2022-03-02 11:33:46,213 - INFO - 微博正文：【小可爱上线！你见过这样的雪容融吗？】北京冬残奥会火炬传递将于2022年3月2日至4日，在北京、延庆、张家口三个赛区进行。一组#雪容融上班表情包#来啦↓↓↓#北京冬残奥火炬明起传递#，一起为北京冬残奥会加油！ 
2022-03-02 11:33:46,213 - INFO - 原始图片url：https://wx2.sinaimg.cn/large/0033ImPzly1gzu7si96qhj60nm0nmmyb02.jpg,https://wx3.sinaimg.cn/large/0033ImPzly1gzu7sia8ihj60nm0nmwfq02.jpg,https://wx2.sinaimg.cn/large/0033ImPzly1gzu7si8c06j60nm0nm0tt02.jpg,https://wx1.sinaimg.cn/large/0033ImPzly1gzu7si94b3j60nm0nmjsr02.jpg,https://wx2.sinaimg.cn/large/0033ImPzly1gzu7si8dooj60nm0nmta102.jpg,https://wx3.sinaimg.cn/large/0033ImPzly1gzu7si9b1fj60nm0nmgmz02.jpg,https://wx2.sinaimg.cn/large/0033ImPzly1gzu7sihlbwj60nm0nmwfz02.jpg,https://wx3.sinaimg.cn/large/0033ImPzly1gzu7siezdaj60nm0nmwfo02.jpg,https://wx2.sinaimg.cn/large/0033ImPzly1gzu7sif0ifj60nm0nmmyb02.jpg
2022-03-02 11:33:46,213 - INFO - 微博位置：
2022-03-02 11:33:46,213 - INFO - 发布时间：2022-03-01 11:06
2022-03-02 11:33:46,213 - INFO - 发布工具：微博 weibo.com
2022-03-02 11:33:46,213 - INFO - 点赞数：9138
2022-03-02 11:33:46,213 - INFO - 评论数：1196
2022-03-02 11:33:46,213 - INFO - 转发数：2082
2022-03-02 11:33:46,213 - INFO - 话题：['雪容融上班表情包', '北京冬残奥火炬明起传递']
2022-03-02 11:33:46,213 - INFO - @用户：
2022-03-02 11:33:46,213 - INFO - url：https://m.weibo.cn/detail/4742166193112291
2022-03-02 11:33:46,213 - INFO - ------------------------------------------------------------------------------------------------------------------------
2022-03-02 11:33:46,398 - INFO - 微博id：4742157120048327
2022-03-02 11:33:46,398 - INFO - 微博正文：#全国两会#【人大代表#建议加大严重精神障碍患者管理力度#】全国人大代表、重庆涪陵区南沱镇睦和村党支部书记、村委会主任刘家奇表示，严重精神障碍疾病患者肇事肇祸致人伤、残、亡事件时有发生，扰乱了良好的社会秩序，对广大老百姓的生命财产安全造成极大危害。建议必须切实加大对严重精神障碍患者服务管理工作的力度。加强对重点人员的排查和监管工作，准确掌握患者服药及发病的情况信息，使公安、派出所等职能部门能及时对严重精神障碍患者采取必要的管控措施，避免患者肇事肇祸的恶性案件发生。（澎湃）
2022-03-02 11:33:46,398 - INFO - 原始图片url：https://wx3.sinaimg.cn/large/0033ImPzly1gzu6bw2u8zj60hs0s7jw302.jpg
2022-03-02 11:33:46,398 - INFO - 微博位置：
2022-03-02 11:33:46,398 - INFO - 发布时间：2022-03-01 10:30
2022-03-02 11:33:46,398 - INFO - 发布工具：微博 weibo.com
2022-03-02 11:33:46,398 - INFO - 点赞数：39445
2022-03-02 11:33:46,398 - INFO - 评论数：2127
2022-03-02 11:33:46,398 - INFO - 转发数：1843
2022-03-02 11:33:46,398 - INFO - 话题：['全国两会', '建议加大严重精神障碍患者管理力度']
2022-03-02 11:33:46,398 - INFO - @用户：
2022-03-02 11:33:46,399 - INFO - url：https://m.weibo.cn/detail/4742157120048327
2022-03-02 11:33:46,399 - INFO - ------------------------------------------------------------------------------------------------------------------------
2022-03-02 11:33:46,547 - INFO - 微博id：4742150266294349
2022-03-02 11:33:46,547 - INFO - 微博正文：#全国两会#【#全国政协会议议程今日发布#】3月1日召开的中国人民政治协商会议第十三届全国委员会常务委员会第二十次会议决定：中国人民政治协商会议第十三届全国委员会第五次会议于2022年3月4日在北京召开。建议会议的主要议程是：听取和审议中国人民政治协商会议全国委员会常务委员会工作报告和全国政协十三届四次会议以来提案工作情况的报告；列席中华人民共和国第十三届全国人民代表大会第五次会议，听取并讨论政府工作报告及其他有关报告。
2022-03-02 11:33:46,547 - INFO - 原始图片url：https://wx4.sinaimg.cn/large/0033ImPzly1gzu5hgroggj60m80m80uk02.jpg
2022-03-02 11:33:46,547 - INFO - 微博位置：
2022-03-02 11:33:46,547 - INFO - 发布时间：2022-03-01 10:03
2022-03-02 11:33:46,547 - INFO - 发布工具：微博 weibo.com
2022-03-02 11:33:46,547 - INFO - 点赞数：1914
2022-03-02 11:33:46,547 - INFO - 评论数：228
2022-03-02 11:33:46,547 - INFO - 转发数：481
2022-03-02 11:33:46,547 - INFO - 话题：['全国两会', '全国政协会议议程今日发布']
2022-03-02 11:33:46,547 - INFO - @用户：
2022-03-02 11:33:46,547 - INFO - url：https://m.weibo.cn/detail/4742150266294349
2022-03-02 11:33:46,547 - INFO - ------------------------------------------------------------------------------------------------------------------------
2022-03-02 11:33:46,548 - INFO - 微博id：4742144436471692
2022-03-02 11:33:46,548 - INFO - 微博正文：【无惧风雪！#边防军人踏着及腰大雪巡逻#】#边防军人的巡逻路有多艰辛#？近日，西藏军区某旅官兵，顶着寒风踏上了巡逻路。冰天雪地，沿途积雪没过膝盖，官兵们不畏艰辛，克服天气寒冷、高原缺氧等困难，踏雪前行。辛苦了，致敬人民子弟兵！高原战士的微博视频 
2022-03-02 11:33:46,548 - INFO - 原始图片url：
2022-03-02 11:33:46,548 - INFO - 微博位置：
2022-03-02 11:33:46,548 - INFO - 发布时间：2022-03-01 09:40
2022-03-02 11:33:46,548 - INFO - 发布工具：微博视频号
2022-03-02 11:33:46,548 - INFO - 点赞数：10163
2022-03-02 11:33:46,548 - INFO - 评论数：1195
2022-03-02 11:33:46,548 - INFO - 转发数：1006
2022-03-02 11:33:46,548 - INFO - 话题：['边防军人踏着及腰大雪巡逻', '边防军人的巡逻路有多艰辛']
2022-03-02 11:33:46,548 - INFO - @用户：
2022-03-02 11:33:46,549 - INFO - url：https://m.weibo.cn/detail/4742144436471692
2022-03-02 11:33:46,549 - INFO - ------------------------------------------------------------------------------------------------------------------------
2022-03-02 11:33:46,549 - INFO - ------------------------------已获取人民日报(2803301701)的第4页微博------------------------------
2022-03-02 11:33:55,004 - INFO - 微博id：4742137285446054
2022-03-02 11:33:55,004 - INFO - 微博正文：【#2月28日新增75例本土确诊#，其中#广东昨日新增本土确诊31例#】2月28日0—24时，31个省（自治区、直辖市）和新疆生产建设兵团报告新增确诊病例200例。其中境外输入病例125例（广东44例，上海40例，北京12例，广西8例，重庆4例，云南4例，福建3例，山东3例，江苏2例，四川2例，天津1例，安徽1例，湖北1例），含10例由无症状感染者转为确诊病例（广东4例，北京2例，广西2例，山东1例，四川1例）；本土病例75例（广东31例，其中深圳市23例、东莞市7例、中山市1例；内蒙古14例，其中呼和浩特市13例、包头市1例；天津6例，其中滨海新区4例、东丽区2例；广西6例，均在防城港市；云南6例，其中德宏傣族景颇族自治州5例、临沧市1例；黑龙江4例，其中牡丹江市3例、鸡西市1例；江苏3例，均在苏州市；湖北2例，均在武汉市；山西1例，在晋中市；海南1例，在三亚市；四川1例，在成都市），含3例由无症状感染者转为确诊病例（天津2例，黑龙江1例）。无新增死亡病例。新增疑似病例9例，其中境外输入病例8例（均在上海），本土病例1例（在内蒙古）。当日新增治愈出院病例81例，解除医学观察的密切接触者4762人，重症病例较前一日减少2例。境外输入现有确诊病例1610例（其中重症病例1例），现有疑似病例10例。累计确诊病例14464例，累计治愈出院病例12854例，无死亡病例。截至2月28日24时，据31个省（自治区、直辖市）和新疆生产建设兵团报告，现有确诊病例2873例（其中重症病例19例），累计治愈出院病例102017例，累计死亡病例4636例，累计报告确诊病例109526例，现有疑似病例11例。累计追踪到密切接触者1641681人，尚在医学观察的密切接触者78842人。31个省（自治区、直辖市）和新疆生产建设兵团报告新增无症状感染者144例，其中境外输入102例，本土42例（广东25例，其中东莞市20例、深圳市5例；云南6例，其中临沧市3例、德宏傣族景颇族自治州2例、红河哈尼族彝族自治州1例；黑龙江5例，其中牡丹江市4例、佳木斯市1例；上海3例，均在浦东新区；山东1例，在烟台市；湖北1例，在武汉市；四川1例，在成都市）；当日转为确诊病例13例（境外输入10例）；当日解除医学观察40例（境外输入32例）；尚在医学观察的无症状感染者1097例（境外输入825例）。累计收到港澳台地区通报确诊病例100691例。其中，香港特别行政区80121例（出院18926例，死亡744例），澳门特别行政区81例（出院79例），台湾地区20489例（出院13742例，死亡853例）。
2022-03-02 11:33:55,005 - INFO - 原始图片url：https://wx4.sinaimg.cn/large/0033ImPzly1gzu4r24p24j60u01ekahp02.jpg
2022-03-02 11:33:55,005 - INFO - 微博位置：
2022-03-02 11:33:55,005 - INFO - 发布时间：2022-03-01 09:11
2022-03-02 11:33:55,005 - INFO - 发布工具：微博 weibo.com
2022-03-02 11:33:55,005 - INFO - 点赞数：3429
2022-03-02 11:33:55,005 - INFO - 评论数：444
2022-03-02 11:33:55,005 - INFO - 转发数：283
2022-03-02 11:33:55,005 - INFO - 话题：['2月28日新增75例本土确诊', '广东昨日新增本土确诊31例']
2022-03-02 11:33:55,005 - INFO - @用户：
2022-03-02 11:33:55,005 - INFO - url：https://m.weibo.cn/detail/4742137285446054
2022-03-02 11:33:55,005 - INFO - ------------------------------------------------------------------------------------------------------------------------
2022-03-02 11:33:55,006 - INFO - 微博id：4742134786166368
2022-03-02 11:33:55,006 - INFO - 微博正文：【此生为契，濯一方清白天地！#听周深唱人民检察概念曲#】“为国为民就是我前行底气，公平正义就是我理想主义！”歌手周深献唱#人民检察概念曲我的答案#，惩恶扬善、化戈解难、直面症结、防微杜渐……一切以人民为中心，这就是人民检察官的答案！#全国两会#  人民日报的微博视频 
2022-03-02 11:33:55,006 - INFO - 原始图片url：
2022-03-02 11:33:55,006 - INFO - 微博位置：
2022-03-02 11:33:55,006 - INFO - 发布时间：2022-03-01 09:01
2022-03-02 11:33:55,006 - INFO - 发布工具：微博视频号
2022-03-02 11:33:55,006 - INFO - 点赞数：67128
2022-03-02 11:33:55,006 - INFO - 评论数：4075
2022-03-02 11:33:55,006 - INFO - 转发数：8775
2022-03-02 11:33:55,006 - INFO - 话题：['听周深唱人民检察概念曲', '人民检察概念曲我的答案', '全国两会']
2022-03-02 11:33:55,006 - INFO - @用户：
2022-03-02 11:33:55,006 - INFO - url：https://m.weibo.cn/detail/4742134786166368
2022-03-02 11:33:55,006 - INFO - ------------------------------------------------------------------------------------------------------------------------
2022-03-02 11:33:55,007 - INFO - 微博id：4742130159584169
2022-03-02 11:33:55,007 - INFO - 微博正文：【#哪些人需要个税年度汇算#？视频解读来了】2022年3月1日至6月30日，2021年度个人所得税综合所得年度汇算。哪些人需要办理年度汇算？#你是要退税还是补税#？戳视频了解↓↓国家税务总局的微博视频 
2022-03-02 11:33:55,007 - INFO - 原始图片url：
2022-03-02 11:33:55,007 - INFO - 微博位置：
2022-03-02 11:33:55,007 - INFO - 发布时间：2022-03-01 08:43
2022-03-02 11:33:55,007 - INFO - 发布工具：微博视频号
2022-03-02 11:33:55,007 - INFO - 点赞数：13561
2022-03-02 11:33:55,007 - INFO - 评论数：1551
2022-03-02 11:33:55,007 - INFO - 转发数：1925
2022-03-02 11:33:55,007 - INFO - 话题：['哪些人需要个税年度汇算', '你是要退税还是补税']
2022-03-02 11:33:55,008 - INFO - @用户：
2022-03-02 11:33:55,008 - INFO - url：https://m.weibo.cn/detail/4742130159584169
2022-03-02 11:33:55,008 - INFO - ------------------------------------------------------------------------------------------------------------------------
2022-03-02 11:33:55,008 - INFO - 微博id：4742123196515477
2022-03-02 11:33:55,008 - INFO - 微博正文：【中国驻乌克兰大使馆：#在乌中国公民可乘乌专列撤往西部邻国#】3月1日#我驻乌克兰大使馆最新通知#：乌铁自即日起开设从基辅、哈尔科夫等城市发往乌西部城市及邻国的专列。有意愿搭乘上述专列的所有外国公民（包括中国公民），皆可持本人有效护照乘车前往。3月1日车次表↓↓↓关于在乌中国公民可以乘乌专列撤往西部邻国的通知 
2022-03-02 11:33:55,008 - INFO - 原始图片url：https://wx2.sinaimg.cn/large/0033ImPzly1gzu2fmuxjxj60ov1t04d102.jpg
2022-03-02 11:33:55,008 - INFO - 微博位置：
2022-03-02 11:33:55,008 - INFO - 发布时间：2022-03-01 08:15
2022-03-02 11:33:55,009 - INFO - 发布工具：微博 weibo.com
2022-03-02 11:33:55,009 - INFO - 点赞数：33041
2022-03-02 11:33:55,009 - INFO - 评论数：2222
2022-03-02 11:33:55,009 - INFO - 转发数：6307
2022-03-02 11:33:55,009 - INFO - 话题：['在乌中国公民可乘乌专列撤往西部邻国', '我驻乌克兰大使馆最新通知']
2022-03-02 11:33:55,009 - INFO - @用户：
2022-03-02 11:33:55,009 - INFO - url：https://m.weibo.cn/detail/4742123196515477
2022-03-02 11:33:55,009 - INFO - ------------------------------------------------------------------------------------------------------------------------
2022-03-02 11:33:55,181 - INFO - 微博id：4742119879346088
2022-03-02 11:33:55,181 - INFO - 微博正文：【#视频回顾俄乌谈判#，#俄乌一致同意近期举行下次会谈#】当地时间2月28日，俄罗斯与乌克兰在白俄罗斯举行谈判，双方的会谈持续了大约5个小时，详细讨论了所有议程。俄罗斯代表团团长表示，双方在谈判中找到了未来可能达成共识的要点。双方同意将在近日于波兰和白俄罗斯边境地区再次举行会晤。 人民日报的微博视频
2022-03-02 11:33:55,181 - INFO - 原始图片url：
2022-03-02 11:33:55,181 - INFO - 微博位置：
2022-03-02 11:33:55,181 - INFO - 发布时间：2022-03-01 08:02
2022-03-02 11:33:55,181 - INFO - 发布工具：微博视频号
2022-03-02 11:33:55,181 - INFO - 点赞数：6836
2022-03-02 11:33:55,181 - INFO - 评论数：749
2022-03-02 11:33:55,181 - INFO - 转发数：513
2022-03-02 11:33:55,181 - INFO - 话题：['视频回顾俄乌谈判', '俄乌一致同意近期举行下次会谈']
2022-03-02 11:33:55,182 - INFO - @用户：
2022-03-02 11:33:55,182 - INFO - url：https://m.weibo.cn/detail/4742119879346088
2022-03-02 11:33:55,182 - INFO - ------------------------------------------------------------------------------------------------------------------------
2022-03-02 11:33:55,182 - INFO - 微博id：4742111998509505
2022-03-02 11:33:55,182 - INFO - 微博正文：#奋进强国路#【知识帖！全国两会是个什么会？】3月，我们将迎来十三届全国人大五次会议和全国政协十三届五次会议的召开。作为我国政治生活中的大事，两会与每个人的生活息息相关。人大代表怎么产生？什么人可以成为政协委员？2022全国两会这些话题受关注↓↓收好#全国两会知识帖#，转存学习！ 
2022-03-02 11:33:55,182 - INFO - 原始图片url：https://wx1.sinaimg.cn/large/0033ImPzly1gzu149hzbqj60p0101q9i02.jpg,https://wx2.sinaimg.cn/large/0033ImPzly1gzu149dbosj60p0101wiw02.jpg,https://wx2.sinaimg.cn/large/0033ImPzly1gzu7i3h0ttj60p016uk0j02.jpg,https://wx2.sinaimg.cn/large/0033ImPzly1gzu149n3g8j60p016zthr02.jpg,https://wx2.sinaimg.cn/large/0033ImPzly1gzu149lhwdj60p0101wiy02.jpg,https://wx4.sinaimg.cn/large/0033ImPzly1gzu149y3wmj60p01a1k0c02.jpg,https://wx3.sinaimg.cn/large/0033ImPzly1gzu149ubshj60p00r644b02.jpg,https://wx1.sinaimg.cn/large/0033ImPzly1gzu149yca9j60p013mdmc02.jpg,https://wx1.sinaimg.cn/large/0033ImPzly1gzu14a13v4j60p017411l02.jpg
2022-03-02 11:33:55,182 - INFO - 微博位置：
2022-03-02 11:33:55,182 - INFO - 发布时间：2022-03-01 07:31
2022-03-02 11:33:55,182 - INFO - 发布工具：微博 weibo.com
2022-03-02 11:33:55,182 - INFO - 点赞数：17689
2022-03-02 11:33:55,183 - INFO - 评论数：1577
2022-03-02 11:33:55,183 - INFO - 转发数：11861
2022-03-02 11:33:55,183 - INFO - 话题：['奋进强国路', '全国两会知识帖']
2022-03-02 11:33:55,183 - INFO - @用户：
2022-03-02 11:33:55,183 - INFO - url：https://m.weibo.cn/detail/4742111998509505
2022-03-02 11:33:55,183 - INFO - ------------------------------------------------------------------------------------------------------------------------
2022-03-02 11:33:55,421 - INFO - 微博id：4742103906910283
2022-03-02 11:33:55,421 - INFO - 微博正文：#三月第一天#【你好，三月】春暖花开，生机盎然，#2022已过去六分之一#了。三月，期待#全国两会#上的好声音；三月，北京冬残奥会即将开幕，为冬残奥运动员们加油；三月，开学季，又有一批学子们迎来梦想的百日冲刺…一年之计在于春，愿你今日的耕耘都能结下丰硕的果实。为自己加油，早安！ 
2022-03-02 11:33:55,421 - INFO - 原始图片url：https://wx2.sinaimg.cn/large/0033ImPzly1gzu05qbbj8j60mx104wkq02.jpg,https://wx2.sinaimg.cn/large/0033ImPzly1gzu05qfwlwj60mx104k1t02.jpg,https://wx1.sinaimg.cn/large/0033ImPzly1gzu05q7w01j60mx104n3o02.jpg,https://wx2.sinaimg.cn/large/0033ImPzly1gzu05qbivdj60mx104wmo02.jpg,https://wx2.sinaimg.cn/large/0033ImPzly1gzu05qaf4yj60mx104wkl02.jpg,https://wx1.sinaimg.cn/large/0033ImPzly1gzu05qb73dj60mx104q9l02.jpg,https://wx4.sinaimg.cn/large/0033ImPzly1gzu05qnfc5j60mx104ae602.jpg,https://wx4.sinaimg.cn/large/0033ImPzly1gzu05qqz60j60mx104q6n02.jpg,https://wx2.sinaimg.cn/large/0033ImPzly1gzu05qr15jj60mx104goz02.jpg,https://wx2.sinaimg.cn/large/0033ImPzly1gzu05qu4e8j60mx104n6402.jpg
2022-03-02 11:33:55,421 - INFO - 微博位置：
2022-03-02 11:33:55,421 - INFO - 发布时间：2022-03-01 06:58
2022-03-02 11:33:55,421 - INFO - 发布工具：微博 weibo.com
2022-03-02 11:33:55,422 - INFO - 点赞数：9942
2022-03-02 11:33:55,422 - INFO - 评论数：2647
2022-03-02 11:33:55,422 - INFO - 转发数：4843
2022-03-02 11:33:55,422 - INFO - 话题：['三月第一天', '2022已过去六分之一', '全国两会']
2022-03-02 11:33:55,422 - INFO - @用户：
2022-03-02 11:33:55,422 - INFO - url：https://m.weibo.cn/detail/4742103906910283
2022-03-02 11:33:55,422 - INFO - ------------------------------------------------------------------------------------------------------------------------
2022-03-02 11:33:55,422 - INFO - 微博id：4742100866564595
2022-03-02 11:33:55,422 - INFO - 微博正文：【#中国从乌克兰撤出首批公民#】新华社消息，中国驻乌克兰大使馆28日证实，当天中国开始从乌克兰撤出首批公民。一路平安！  人民日报的微博视频 
2022-03-02 11:33:55,422 - INFO - 原始图片url：
2022-03-02 11:33:55,423 - INFO - 微博位置：
2022-03-02 11:33:55,423 - INFO - 发布时间：2022-03-01 06:46
2022-03-02 11:33:55,423 - INFO - 发布工具：微博视频号
2022-03-02 11:33:55,423 - INFO - 点赞数：41346
2022-03-02 11:33:55,423 - INFO - 评论数：3519
2022-03-02 11:33:55,423 - INFO - 转发数：4164
2022-03-02 11:33:55,423 - INFO - 话题：['中国从乌克兰撤出首批公民']
2022-03-02 11:33:55,423 - INFO - @用户：
2022-03-02 11:33:55,423 - INFO - url：https://m.weibo.cn/detail/4742100866564595
2022-03-02 11:33:55,423 - INFO - ------------------------------------------------------------------------------------------------------------------------
2022-03-02 11:33:55,423 - INFO - 微博id：4741981957526579
2022-03-02 11:33:55,424 - INFO - 微博正文：【#你好，明天#】国新办发布#2021美国侵犯人权报告#。自诩为“人权灯塔”，却一再上演“灯下黑”。在自身糟糕的人权记录面前，美国哪还有资格打“人权牌”？动辄充当“人权教师爷”和“人权判官”之前，最该揽镜自照。嘴里喊着人权，心里想着霸权，所谓的人权幌子再也“晃”不了公理和人心！ 
2022-03-02 11:33:55,424 - INFO - 原始图片url：https://wx2.sinaimg.cn/large/0033ImPzly1gztm77dai3j60u0190wnw02.jpg
2022-03-02 11:33:55,424 - INFO - 微博位置：
2022-03-02 11:33:55,424 - INFO - 发布时间：2022-02-28 22:54
2022-03-02 11:33:55,424 - INFO - 发布工具：微博 weibo.com
2022-03-02 11:33:55,424 - INFO - 点赞数：11379
2022-03-02 11:33:55,424 - INFO - 评论数：1644
2022-03-02 11:33:55,424 - INFO - 转发数：1577
2022-03-02 11:33:55,424 - INFO - 话题：['你好，明天', '2021美国侵犯人权报告']
2022-03-02 11:33:55,424 - INFO - @用户：
2022-03-02 11:33:55,424 - INFO - url：https://m.weibo.cn/detail/4741981957526579
2022-03-02 11:33:55,424 - INFO - ------------------------------------------------------------------------------------------------------------------------
2022-03-02 11:33:55,425 - INFO - 微博id：4741967278509317
2022-03-02 11:33:55,425 - INFO - 微博正文：【夜读：为什么要多读书，这是我听过最好的回答】一个人读书的意义，究竟是什么？读书让人学会思考，让心态更平和，开解人生烦恼，终会予人回报。读书多了，你会发现自己经历了一场蜕变。你在读书上花的每一分钟，都会在未来的某个时刻给你回报。有时间了，就多读书吧。 【夜读】为什么要多读书，这是我听过最好的回答 
2022-03-02 11:33:55,425 - INFO - 原始图片url：
2022-03-02 11:33:55,425 - INFO - 微博位置：
2022-03-02 11:33:55,425 - INFO - 发布时间：2022-02-28 21:56
2022-03-02 11:33:55,425 - INFO - 发布工具：微博 weibo.com
2022-03-02 11:33:55,425 - INFO - 点赞数：8060
2022-03-02 11:33:55,425 - INFO - 评论数：1763
2022-03-02 11:33:55,425 - INFO - 转发数：3345
2022-03-02 11:33:55,425 - INFO - 话题：[]
2022-03-02 11:33:55,425 - INFO - @用户：
2022-03-02 11:33:55,425 - INFO - url：https://m.weibo.cn/detail/4741967278509317
2022-03-02 11:33:55,425 - INFO - ------------------------------------------------------------------------------------------------------------------------
2022-03-02 11:33:55,425 - INFO - ------------------------------已获取人民日报(2803301701)的第5页微博------------------------------
2022-03-02 11:34:02,718 - INFO - 微博id：4741961372140980
2022-03-02 11:34:02,718 - INFO - 微博正文：【极度舒适！#军营大型机械的极限操作#】切割机剥生鸡蛋皮、钢筋叠螺母、挖掘机叠高脚杯金字塔、挖掘机写毛笔字......几十吨重的大型工程机械装备，展现着铁汉“柔情”，#军营机械的这些手艺太绝了#↓↓看哪项极限操作能惊艳到你！央广军事的微博视频 
2022-03-02 11:34:02,718 - INFO - 原始图片url：
2022-03-02 11:34:02,718 - INFO - 微博位置：
2022-03-02 11:34:02,718 - INFO - 发布时间：2022-02-28 21:32
2022-03-02 11:34:02,718 - INFO - 发布工具：微博视频号
2022-03-02 11:34:02,718 - INFO - 点赞数：2806
2022-03-02 11:34:02,718 - INFO - 评论数：385
2022-03-02 11:34:02,718 - INFO - 转发数：319
2022-03-02 11:34:02,719 - INFO - 话题：['军营大型机械的极限操作', '军营机械的这些手艺太绝了']
2022-03-02 11:34:02,719 - INFO - @用户：
2022-03-02 11:34:02,719 - INFO - url：https://m.weibo.cn/detail/4741961372140980
2022-03-02 11:34:02,719 - INFO - ------------------------------------------------------------------------------------------------------------------------
2022-03-02 11:34:02,932 - INFO - 微博id：4741950990718713
2022-03-02 11:34:02,932 - INFO - 微博正文：【#内地援港方舱医院7天完工#】林郑月娥28日表示，位于香港青衣的社区隔离及治疗设施（即方舱医院）已于当日完工交付，由中国建筑国际集团援助建设，历时7天完成，预计启用后将可供约3900张隔离病床。 特区政府政务司司长李家超感谢中国建筑倾尽全力，为支援香港稳控疫情作出重要贡献。网页链接
2022-03-02 11:34:02,932 - INFO - 原始图片url：https://wx2.sinaimg.cn/large/0033ImPzly1gztlfgr380j60rs15owkc02.jpg
2022-03-02 11:34:02,932 - INFO - 微博位置：
2022-03-02 11:34:02,932 - INFO - 发布时间：2022-02-28 20:51
2022-03-02 11:34:02,932 - INFO - 发布工具：微博 weibo.com
2022-03-02 11:34:02,933 - INFO - 点赞数：10890
2022-03-02 11:34:02,933 - INFO - 评论数：1267
2022-03-02 11:34:02,933 - INFO - 转发数：1007
2022-03-02 11:34:02,933 - INFO - 话题：['内地援港方舱医院7天完工']
2022-03-02 11:34:02,933 - INFO - @用户：
2022-03-02 11:34:02,933 - INFO - url：https://m.weibo.cn/detail/4741950990718713
2022-03-02 11:34:02,933 - INFO - ------------------------------------------------------------------------------------------------------------------------
2022-03-02 11:34:02,933 - INFO - 微博id：4741944183624799
2022-03-02 11:34:02,933 - INFO - 微博正文：【#俄乌会谈已正式开始#】据央视，当地时间2月28日，俄罗斯代表团和乌克兰代表团当天在白俄罗斯戈梅利州靠近白乌边境的地方开始举行谈判。人民日报的微博视频 
2022-03-02 11:34:02,934 - INFO - 原始图片url：
2022-03-02 11:34:02,934 - INFO - 微博位置：
2022-03-02 11:34:02,934 - INFO - 发布时间：2022-02-28 20:24
2022-03-02 11:34:02,934 - INFO - 发布工具：微博视频号
2022-03-02 11:34:02,934 - INFO - 点赞数：14906
2022-03-02 11:34:02,934 - INFO - 评论数：1007
2022-03-02 11:34:02,934 - INFO - 转发数：794
2022-03-02 11:34:02,934 - INFO - 话题：['俄乌会谈已正式开始']
2022-03-02 11:34:02,934 - INFO - @用户：
2022-03-02 11:34:02,934 - INFO - url：https://m.weibo.cn/detail/4741944183624799
2022-03-02 11:34:02,934 - INFO - ------------------------------------------------------------------------------------------------------------------------
2022-03-02 11:34:02,935 - INFO - 微博id：4741939934789857
2022-03-02 11:34:02,935 - INFO - 微博正文：【习近平：#加快建设世界一流企业#】习近平主持召开中央全面深化改革委员会第二十四次会议强调，加快建设世界一流企业，加强基础学科人才培养。全文戳↓↓ 习近平：加快建设世界一流企业 加强基础学科人才培养 
2022-03-02 11:34:02,935 - INFO - 原始图片url：
2022-03-02 11:34:02,935 - INFO - 微博位置：
2022-03-02 11:34:02,935 - INFO - 发布时间：2022-02-28 20:07
2022-03-02 11:34:02,935 - INFO - 发布工具：微博 weibo.com
2022-03-02 11:34:02,935 - INFO - 点赞数：3401
2022-03-02 11:34:02,935 - INFO - 评论数：361
2022-03-02 11:34:02,935 - INFO - 转发数：696
2022-03-02 11:34:02,935 - INFO - 话题：['加快建设世界一流企业']
2022-03-02 11:34:02,935 - INFO - @用户：
2022-03-02 11:34:02,935 - INFO - url：https://m.weibo.cn/detail/4741939934789857
2022-03-02 11:34:02,935 - INFO - ------------------------------------------------------------------------------------------------------------------------
2022-03-02 11:34:03,128 - INFO - 微博id：4741930552918798
2022-03-02 11:34:03,128 - INFO - 微博正文：【口罩里的微笑！#一张照片改写小女孩人生#】四川唇腭裂女孩土登卓玛的照片曾走红网络，她清澈的眼神打动了不少人，而口罩下的印记却让人心疼。在社会各界的推动下，小卓玛和妹妹在深圳一起接受了唇腭裂修复手术，并且恢复效果良好。今天，国际罕见病日，戳视频↓↓一起守护偏远地区的健康与幸福。  人民日报的微博视频
2022-03-02 11:34:03,128 - INFO - 原始图片url：
2022-03-02 11:34:03,128 - INFO - 微博位置：
2022-03-02 11:34:03,128 - INFO - 发布时间：2022-02-28 19:30
2022-03-02 11:34:03,128 - INFO - 发布工具：微博视频号
2022-03-02 11:34:03,128 - INFO - 点赞数：11879
2022-03-02 11:34:03,128 - INFO - 评论数：839
2022-03-02 11:34:03,128 - INFO - 转发数：3620
2022-03-02 11:34:03,128 - INFO - 话题：['一张照片改写小女孩人生']
2022-03-02 11:34:03,128 - INFO - @用户：
2022-03-02 11:34:03,128 - INFO - url：https://m.weibo.cn/detail/4741930552918798
2022-03-02 11:34:03,129 - INFO - ------------------------------------------------------------------------------------------------------------------------
2022-03-02 11:34:03,129 - INFO - 微博id：4741922679952691
2022-03-02 11:34:03,129 - INFO - 微博正文：【#柬警方认定3人协助编造宣传血奴案#】据柬警方内部通报和公告称，中国公民李亚缘纶偷渡来柬，后因肝部患严重疾病，联系当地一社会组织寻求帮助。先后有3人出于不同目的，协助李编造、宣传其被非法拘禁、受到虐待及充当“血奴”的假新闻，误导舆论，严重影响社会秩序。案件下步将移交柬司法机关审理。 
2022-03-02 11:34:03,129 - INFO - 原始图片url：https://wx3.sinaimg.cn/large/0033ImPzly1gztfepuk8qj60oc0smn2v02.jpg
2022-03-02 11:34:03,129 - INFO - 微博位置：
2022-03-02 11:34:03,129 - INFO - 发布时间：2022-02-28 18:58
2022-03-02 11:34:03,129 - INFO - 发布工具：微博 weibo.com
2022-03-02 11:34:03,129 - INFO - 点赞数：12935
2022-03-02 11:34:03,129 - INFO - 评论数：1456
2022-03-02 11:34:03,129 - INFO - 转发数：1418
2022-03-02 11:34:03,129 - INFO - 话题：['柬警方认定3人协助编造宣传血奴案']
2022-03-02 11:34:03,129 - INFO - @用户：
2022-03-02 11:34:03,130 - INFO - url：https://m.weibo.cn/detail/4741922679952691
2022-03-02 11:34:03,130 - INFO - ------------------------------------------------------------------------------------------------------------------------
2022-03-02 11:34:03,130 - INFO - 微博id：4741919534222088
2022-03-02 11:34:03,130 - INFO - 微博正文：【越累越胖？#熬夜会导致过劳肥#】#为什么越累反而越胖#？专家表示，生活工作压力大时，肾上腺皮质醇指数会升高，不断提醒身体“饿了”，导致食欲增强摄入过多。熬夜时，饥饿素会快速增加，导致不断进食，从而出现脂肪不断堆积的现象↓↓央视频的微博视频 
2022-03-02 11:34:03,130 - INFO - 原始图片url：
2022-03-02 11:34:03,130 - INFO - 微博位置：
2022-03-02 11:34:03,130 - INFO - 发布时间：2022-02-28 18:46
2022-03-02 11:34:03,130 - INFO - 发布工具：微博视频号
2022-03-02 11:34:03,131 - INFO - 点赞数：11515
2022-03-02 11:34:03,131 - INFO - 评论数：1414
2022-03-02 11:34:03,131 - INFO - 转发数：3113
2022-03-02 11:34:03,131 - INFO - 话题：['熬夜会导致过劳肥', '为什么越累反而越胖']
2022-03-02 11:34:03,131 - INFO - @用户：
2022-03-02 11:34:03,131 - INFO - url：https://m.weibo.cn/detail/4741919534222088
2022-03-02 11:34:03,131 - INFO - ------------------------------------------------------------------------------------------------------------------------
2022-03-02 11:34:03,131 - INFO - 微博id：4741912085661250
2022-03-02 11:34:03,131 - INFO - 微博正文：【#驻乌使馆为中国公民入境周边国家提供协助#】据悉，当前乌克兰与邻国摩尔多瓦、罗马尼亚、斯洛伐克、匈牙利、波兰边境通关正常。上述各国对自乌克兰入境人员给予通关便利。我驻乌克兰大使馆已和上述各国使馆协调，为我自从行乌克兰前往上述国家的公民提供通关便利协助。关于为我公民自乌克兰入境周边国家提供协助的通知 
2022-03-02 11:34:03,131 - INFO - 原始图片url：https://wx2.sinaimg.cn/large/0033ImPzly1gzte5c4g2nj60u00u045202.jpg
2022-03-02 11:34:03,132 - INFO - 微博位置：
2022-03-02 11:34:03,132 - INFO - 发布时间：2022-02-28 18:16
2022-03-02 11:34:03,132 - INFO - 发布工具：微博 weibo.com
2022-03-02 11:34:03,132 - INFO - 点赞数：22968
2022-03-02 11:34:03,132 - INFO - 评论数：1713
2022-03-02 11:34:03,132 - INFO - 转发数：3711
2022-03-02 11:34:03,132 - INFO - 话题：['驻乌使馆为中国公民入境周边国家提供协助']
2022-03-02 11:34:03,132 - INFO - @用户：
2022-03-02 11:34:03,132 - INFO - url：https://m.weibo.cn/detail/4741912085661250
2022-03-02 11:34:03,132 - INFO - ------------------------------------------------------------------------------------------------------------------------
2022-03-02 11:34:03,280 - INFO - 微博id：4741910680047324
2022-03-02 11:34:03,281 - INFO - 微博正文：【#外交部回应美指责中方在乌局势中的角色#】28日，外交部例行记者会，发言人汪文斌回应时首先指出：“我们#坚决反对美方捏造不实信息抹黑中国形象#！”汪文斌表示，近期美国国际问题专家托马斯·弗里德曼和美国前众议员加巴德都就美国在乌克兰危机中所起的作用提出批评，美方应当反躬自省。中方一向按事情本身的是非曲直决定我们的立场和政策，一向站在和平、合作、公道、正义一边。中方支持和鼓励一切有利于和平解决乌克兰危机的外交努力。乌克兰应当成为东西方沟通的桥梁，而不应沦为大国对抗的前沿。中方也支持欧方与俄罗斯就欧洲安全问题进行平等对话，秉持安全不可分割的理念，最终形成平衡、有效、可持续的欧洲安全机制。中方的做法同个别国家制造危机、转嫁危机、从危机中获利的做法形成鲜明对比，究竟哪种做法有利于欧洲的和平稳定、有利于欧洲的长治久安，相信大家会得出公正的结论。
2022-03-02 11:34:03,281 - INFO - 原始图片url：https://wx1.sinaimg.cn/large/0033ImPzly1gzte0y9ktcj61900u0tc302.jpg
2022-03-02 11:34:03,281 - INFO - 微博位置：
2022-03-02 11:34:03,281 - INFO - 发布时间：2022-02-28 18:11
2022-03-02 11:34:03,281 - INFO - 发布工具：微博 weibo.com
2022-03-02 11:34:03,281 - INFO - 点赞数：8584
2022-03-02 11:34:03,281 - INFO - 评论数：739
2022-03-02 11:34:03,281 - INFO - 转发数：504
2022-03-02 11:34:03,281 - INFO - 话题：['外交部回应美指责中方在乌局势中的角色', '坚决反对美方捏造不实信息抹黑中国形象']
2022-03-02 11:34:03,281 - INFO - @用户：
2022-03-02 11:34:03,281 - INFO - url：https://m.weibo.cn/detail/4741910680047324
2022-03-02 11:34:03,281 - INFO - ------------------------------------------------------------------------------------------------------------------------
2022-03-02 11:34:03,282 - INFO - 微博id：4741904611411461
2022-03-02 11:34:03,282 - INFO - 微博正文：【#乌代表团乘直升机抵达谈判地#】乌克兰代表团28日已抵达白俄罗斯戈梅利州的谈判地点。此次谈判，乌克兰代表团共派出包括乌国防部长列兹尼科夫在内的等6人。  人民日报的微博视频 
2022-03-02 11:34:03,282 - INFO - 原始图片url：
2022-03-02 11:34:03,282 - INFO - 微博位置：
2022-03-02 11:34:03,282 - INFO - 发布时间：2022-02-28 17:47
2022-03-02 11:34:03,282 - INFO - 发布工具：微博视频号
2022-03-02 11:34:03,282 - INFO - 点赞数：3997
2022-03-02 11:34:03,282 - INFO - 评论数：512
2022-03-02 11:34:03,282 - INFO - 转发数：186
2022-03-02 11:34:03,282 - INFO - 话题：['乌代表团乘直升机抵达谈判地']
2022-03-02 11:34:03,282 - INFO - @用户：
2022-03-02 11:34:03,282 - INFO - url：https://m.weibo.cn/detail/4741904611411461
2022-03-02 11:34:03,282 - INFO - ------------------------------------------------------------------------------------------------------------------------
2022-03-02 11:34:03,283 - INFO - ------------------------------已获取人民日报(2803301701)的第6页微博------------------------------
2022-03-02 11:34:03,751 - INFO - 微博id：4741892551475870
2022-03-02 11:34:03,751 - INFO - 微博正文：【#中国驻乌大使馆说一个也不能少#】2月28日，中国驻乌克兰大使馆发出呼吁。一些中国公民社团和个人已向有困难的同胞提供帮助。使馆高度赞赏这些义举。中国人在国内分大江南北、东西左右，但在国外，我们都是中国人，都应该团结起来。一个也不能少！#中国驻乌大使馆对全体在乌公民的呼吁#↓↓ 中国大使馆对全体在乌公民的呼吁
2022-03-02 11:34:03,751 - INFO - 原始图片url：
2022-03-02 11:34:03,751 - INFO - 微博位置：
2022-03-02 11:34:03,751 - INFO - 发布时间：2022-02-28 16:59
2022-03-02 11:34:03,752 - INFO - 发布工具：微博 weibo.com
2022-03-02 11:34:03,752 - INFO - 点赞数：25211
2022-03-02 11:34:03,752 - INFO - 评论数：2139
2022-03-02 11:34:03,752 - INFO - 转发数：842
2022-03-02 11:34:03,752 - INFO - 话题：['中国驻乌大使馆说一个也不能少', '中国驻乌大使馆对全体在乌公民的呼吁']
2022-03-02 11:34:03,752 - INFO - @用户：
2022-03-02 11:34:03,752 - INFO - url：https://m.weibo.cn/detail/4741892551475870
2022-03-02 11:34:03,752 - INFO - ------------------------------------------------------------------------------------------------------------------------
2022-03-02 11:34:03,752 - INFO - 微博id：4741889200488657
2022-03-02 11:34:03,753 - INFO - 微博正文：【#外交部说台湾是中国的事不关日本的事#】28日，外交部例行记者会，汪文斌表示，日本历史上发动侵华战争，对台湾进行长达半个世纪的殖民统治，犯下罄竹难书的罪行，#日本对中国人民负有严重历史罪责#。我们强烈敦促日方深刻反省历史，在台湾问题上谨言慎行，停止挑衅滋事。 人民视频的微博视频 
2022-03-02 11:34:03,753 - INFO - 原始图片url：https://wx4.sinaimg.cn/large/0033ImPzly1gztbk843ogj61900u0tc302.jpg
2022-03-02 11:34:03,753 - INFO - 微博位置：
2022-03-02 11:34:03,753 - INFO - 发布时间：2022-02-28 16:45
2022-03-02 11:34:03,753 - INFO - 发布工具：微博视频号
2022-03-02 11:34:03,753 - INFO - 点赞数：12176
2022-03-02 11:34:03,753 - INFO - 评论数：1114
2022-03-02 11:34:03,753 - INFO - 转发数：1116
2022-03-02 11:34:03,753 - INFO - 话题：['外交部说台湾是中国的事不关日本的事', '日本对中国人民负有严重历史罪责']
2022-03-02 11:34:03,753 - INFO - @用户：
2022-03-02 11:34:03,753 - INFO - url：https://m.weibo.cn/detail/4741889200488657
2022-03-02 11:34:03,753 - INFO - ------------------------------------------------------------------------------------------------------------------------
2022-03-02 11:34:03,953 - INFO - 微博id：4741885400711980
2022-03-02 11:34:03,953 - INFO - 微博正文：【#外交部正研究安全撤侨一切可行方案#】28日外交部例行记者会上，汪文斌表示，外交部正会同驻乌克兰使馆与各方保持沟通，密切跟踪形势发展，研究协助在乌中国公民自愿安全撤离的一切可行方案。并郑重提醒在乌的中国公民务必密切关注所在地的形势，保持冷静，采取一切必要措施做好安全防范。海客新闻的微博视频
2022-03-02 11:34:03,953 - INFO - 原始图片url：https://wx3.sinaimg.cn/large/0033ImPzly1gztb4kn9ggj61900u0tc302.jpg
2022-03-02 11:34:03,953 - INFO - 微博位置：
2022-03-02 11:34:03,953 - INFO - 发布时间：2022-02-28 16:30
2022-03-02 11:34:03,953 - INFO - 发布工具：微博视频号
2022-03-02 11:34:03,953 - INFO - 点赞数：20014
2022-03-02 11:34:03,953 - INFO - 评论数：2432
2022-03-02 11:34:03,953 - INFO - 转发数：429
2022-03-02 11:34:03,953 - INFO - 话题：['外交部正研究安全撤侨一切可行方案']
2022-03-02 11:34:03,953 - INFO - @用户：
2022-03-02 11:34:03,953 - INFO - url：https://m.weibo.cn/detail/4741885400711980
2022-03-02 11:34:03,953 - INFO - ------------------------------------------------------------------------------------------------------------------------
2022-03-02 11:34:03,954 - INFO - 微博id：4741877032815124
2022-03-02 11:34:03,954 - INFO - 微博正文：【#共同关注俄乌会谈#】据央视，#俄乌会谈将于北京时间17点开始#。俄罗斯代表团团长梅津斯基表示，俄方有意与乌方尽快达成共识。关注俄乌最近局势↓ 人民日报的微博直播 
2022-03-02 11:34:03,954 - INFO - 原始图片url：
2022-03-02 11:34:03,954 - INFO - 微博位置：
2022-03-02 11:34:03,954 - INFO - 发布时间：2022-02-28 15:57
2022-03-02 11:34:03,954 - INFO - 发布工具：微博直播平台
2022-03-02 11:34:03,954 - INFO - 点赞数：3324
2022-03-02 11:34:03,954 - INFO - 评论数：1120
2022-03-02 11:34:03,954 - INFO - 转发数：250
2022-03-02 11:34:03,955 - INFO - 话题：['共同关注俄乌会谈', '俄乌会谈将于北京时间17点开始']
2022-03-02 11:34:03,955 - INFO - @用户：
2022-03-02 11:34:03,955 - INFO - url：https://m.weibo.cn/detail/4741877032815124
2022-03-02 11:34:03,955 - INFO - ------------------------------------------------------------------------------------------------------------------------
2022-03-02 11:34:03,955 - INFO - 微博id：4741867805869548
2022-03-02 11:34:03,955 - INFO - 微博正文：【国新办发布#2021美国侵犯人权报告#】①美国新冠确诊病例达3451万例，死亡病例达48万例，均居世界各国之首。②全年共发生693起大规模枪击事件，#去年美国枪击事件致超4.4万人丧生#。③美国亚裔面临日趋严重的歧视和暴力攻击，#2021年纽约针对亚裔仇恨犯罪猛增361%#。详戳→（受权发布）2021年美国侵犯人权报告 
2022-03-02 11:34:03,955 - INFO - 原始图片url：https://wx4.sinaimg.cn/large/0033ImPzly1gzt93tkt4bj60u0190wnw02.jpg
2022-03-02 11:34:03,956 - INFO - 微博位置：
2022-03-02 11:34:03,956 - INFO - 发布时间：2022-02-28 15:20
2022-03-02 11:34:03,956 - INFO - 发布工具：微博 weibo.com
2022-03-02 11:34:03,956 - INFO - 点赞数：47586
2022-03-02 11:34:03,956 - INFO - 评论数：3338
2022-03-02 11:34:03,956 - INFO - 转发数：7927
2022-03-02 11:34:03,956 - INFO - 话题：['2021美国侵犯人权报告', '去年美国枪击事件致超4.4万人丧生', '2021年纽约针对亚裔仇恨犯罪猛增361%']
2022-03-02 11:34:03,956 - INFO - @用户：
2022-03-02 11:34:03,956 - INFO - url：https://m.weibo.cn/detail/4741867805869548
2022-03-02 11:34:03,956 - INFO - ------------------------------------------------------------------------------------------------------------------------
2022-03-02 11:34:03,957 - INFO - 微博id：4741865586559830
2022-03-02 11:34:03,957 - INFO - 微博正文：【交班的仪式感！#冰墩墩雪容融花式贴贴#】北京冬奥会已圆满闭幕，今天，#冰墩墩雪容融交班#，北京2022年冬残奥会吉祥物雪容融即将上线！加油，一起向未来！北京2022年冬残奥会的微博视频 
2022-03-02 11:34:03,957 - INFO - 原始图片url：
2022-03-02 11:34:03,957 - INFO - 微博位置：
2022-03-02 11:34:03,957 - INFO - 发布时间：2022-02-28 15:11
2022-03-02 11:34:03,957 - INFO - 发布工具：微博视频号
2022-03-02 11:34:03,957 - INFO - 点赞数：6149
2022-03-02 11:34:03,957 - INFO - 评论数：907
2022-03-02 11:34:03,957 - INFO - 转发数：1468
2022-03-02 11:34:03,957 - INFO - 话题：['冰墩墩雪容融花式贴贴', '冰墩墩雪容融交班']
2022-03-02 11:34:03,957 - INFO - @用户：
2022-03-02 11:34:03,957 - INFO - url：https://m.weibo.cn/detail/4741865586559830
2022-03-02 11:34:03,957 - INFO - ------------------------------------------------------------------------------------------------------------------------
2022-03-02 11:34:03,958 - INFO - 微博id：4741854337435576
2022-03-02 11:34:03,958 - INFO - 微博正文：【#南京大屠杀幸存者濮业良离世#】南京大屠杀幸存者濮业良今日凌晨去世，享年100岁。#在册在世南京大屠杀幸存者仅剩59位#。日军攻占南京后，濮业良被抓作日军苦力，后侥幸逃脱。一幕幕悲惨景象让他终生难忘：“过江时看见趸船歪着，在趸船上和长江边有大量堆积的难民尸体......”仅剩59位 | 南京大屠杀幸存者濮业良今日凌晨去世 
2022-03-02 11:34:03,958 - INFO - 原始图片url：https://wx2.sinaimg.cn/large/0033ImPzly1gzt7k0kw1mj60u00k0t9s02.jpg
2022-03-02 11:34:03,958 - INFO - 微博位置：
2022-03-02 11:34:03,958 - INFO - 发布时间：2022-02-28 14:27
2022-03-02 11:34:03,958 - INFO - 发布工具：微博 weibo.com
2022-03-02 11:34:03,958 - INFO - 点赞数：8366
2022-03-02 11:34:03,958 - INFO - 评论数：1021
2022-03-02 11:34:03,958 - INFO - 转发数：1039
2022-03-02 11:34:03,958 - INFO - 话题：['南京大屠杀幸存者濮业良离世', '在册在世南京大屠杀幸存者仅剩59位']
2022-03-02 11:34:03,958 - INFO - @用户：
2022-03-02 11:34:03,958 - INFO - url：https://m.weibo.cn/detail/4741854337435576
2022-03-02 11:34:03,959 - INFO - ------------------------------------------------------------------------------------------------------------------------
2022-03-02 11:34:03,959 - INFO - 微博id：4741850952632497
2022-03-02 11:34:03,959 - INFO - 微博正文：【人大代表#建议加重拐卖收买妇女儿童罪刑责#】全国人大代表、上海市工商联副主席樊芸表示，妇女儿童拐卖问题这些年来一直得到关注，但是怎么彻底地从法律上来根除这些顽症，需要全国人大修法。樊芸建议，加重拐卖、收买妇女儿童罪的刑责，买卖同罪，增强法律威慑力。#全国两会#网页链接 
2022-03-02 11:34:03,959 - INFO - 原始图片url：https://wx1.sinaimg.cn/large/0033ImPzly1gzt75s34slj60rs147agm02.jpg
2022-03-02 11:34:03,959 - INFO - 微博位置：
2022-03-02 11:34:03,959 - INFO - 发布时间：2022-02-28 14:13
2022-03-02 11:34:03,959 - INFO - 发布工具：微博 weibo.com
2022-03-02 11:34:03,959 - INFO - 点赞数：25015
2022-03-02 11:34:03,959 - INFO - 评论数：1839
2022-03-02 11:34:03,960 - INFO - 转发数：3132
2022-03-02 11:34:03,960 - INFO - 话题：['建议加重拐卖收买妇女儿童罪刑责', '全国两会']
2022-03-02 11:34:03,960 - INFO - @用户：
2022-03-02 11:34:03,960 - INFO - url：https://m.weibo.cn/detail/4741850952632497
2022-03-02 11:34:03,960 - INFO - ------------------------------------------------------------------------------------------------------------------------
2022-03-02 11:34:03,960 - INFO - 微博id：4741839711896938
2022-03-02 11:34:03,960 - INFO - 微博正文：【#乌克兰代表团抵白俄罗斯境内#】新华社消息，据今日俄罗斯通讯社28日报道，参加俄乌谈判的乌克兰代表团当天已抵达白俄罗斯境内。 
2022-03-02 11:34:03,960 - INFO - 原始图片url：https://wx4.sinaimg.cn/large/0033ImPzly1gzt5uzpb67j60ob0obju502.jpg
2022-03-02 11:34:03,960 - INFO - 微博位置：
2022-03-02 11:34:03,960 - INFO - 发布时间：2022-02-28 13:29
2022-03-02 11:34:03,960 - INFO - 发布工具：微博 weibo.com
2022-03-02 11:34:03,960 - INFO - 点赞数：10682
2022-03-02 11:34:03,961 - INFO - 评论数：836
2022-03-02 11:34:03,961 - INFO - 转发数：428
2022-03-02 11:34:03,961 - INFO - 话题：['乌克兰代表团抵白俄罗斯境内']
2022-03-02 11:34:03,961 - INFO - @用户：
2022-03-02 11:34:03,961 - INFO - url：https://m.weibo.cn/detail/4741839711896938
2022-03-02 11:34:03,961 - INFO - ------------------------------------------------------------------------------------------------------------------------
2022-03-02 11:34:03,961 - INFO - 微博id：4741835769251998
2022-03-02 11:34:03,961 - INFO - 微博正文：【收藏！#一组动作消除春困#】“春困秋乏夏打盹”，春天来了，天气逐渐变暖，很容易犯困。#如何消除春困#？练练这套“盘手操”，适当地运动锻炼，提神醒脑，消除疲乏。一起练起来！CCTV生活圈的微博视频 
2022-03-02 11:34:03,961 - INFO - 原始图片url：
2022-03-02 11:34:03,962 - INFO - 微博位置：
2022-03-02 11:34:03,962 - INFO - 发布时间：2022-02-28 13:13
2022-03-02 11:34:03,962 - INFO - 发布工具：微博视频号
2022-03-02 11:34:03,962 - INFO - 点赞数：3584
2022-03-02 11:34:03,962 - INFO - 评论数：578
2022-03-02 11:34:03,962 - INFO - 转发数：1523
2022-03-02 11:34:03,962 - INFO - 话题：['一组动作消除春困', '如何消除春困']
2022-03-02 11:34:03,962 - INFO - @用户：
2022-03-02 11:34:03,962 - INFO - url：https://m.weibo.cn/detail/4741835769251998
2022-03-02 11:34:03,962 - INFO - ------------------------------------------------------------------------------------------------------------------------
2022-03-02 11:34:03,962 - INFO - ------------------------------已获取人民日报(2803301701)的第7页微博------------------------------
2022-03-02 11:34:04,426 - INFO - 微博id：4741825870434347
2022-03-02 11:34:04,426 - INFO - 微博正文：【#中国驻敖德萨总领馆紧急提醒#：请勿触摸街上任何可疑物品！】中国驻敖德萨总领馆网站消息：据敖德萨州警察局可靠消息，近期敖德萨市街区已发现疑似布雷的危险物品。驻敖德萨总领馆在此紧急提醒，如在街上看见手机或其他可疑贵重物品，请勿触摸并立即远离现场。#总领馆提醒勿触摸敖德萨街上可疑物品#网页链接
2022-03-02 11:34:04,426 - INFO - 原始图片url：https://wx4.sinaimg.cn/large/0033ImPzly1gzt4aci8dgj60u00u040j02.jpg
2022-03-02 11:34:04,426 - INFO - 微博位置：
2022-03-02 11:34:04,426 - INFO - 发布时间：2022-02-28 12:34
2022-03-02 11:34:04,426 - INFO - 发布工具：微博 weibo.com
2022-03-02 11:34:04,426 - INFO - 点赞数：8078
2022-03-02 11:34:04,426 - INFO - 评论数：580
2022-03-02 11:34:04,426 - INFO - 转发数：637
2022-03-02 11:34:04,426 - INFO - 话题：['中国驻敖德萨总领馆紧急提醒', '总领馆提醒勿触摸敖德萨街上可疑物品']
2022-03-02 11:34:04,426 - INFO - @用户：
2022-03-02 11:34:04,426 - INFO - url：https://m.weibo.cn/detail/4741825870434347
2022-03-02 11:34:04,426 - INFO - ------------------------------------------------------------------------------------------------------------------------
2022-03-02 11:34:04,576 - INFO - 微博id：4741823274684273
2022-03-02 11:34:04,576 - INFO - 微博正文：【#教育部将修订完善中小学竞赛管理办法#，斩断利益链】针对各种竞赛活动中存在的借机开展培训、收费或变相收费、评奖过程不够规范、清单外竞赛违法违规举办等问题，教育部正会同相关部门对《关于面向中小学生的全国性竞赛活动管理办法（试行）》》进行修订和完善↓↓↓（人民日报记者丁雅诵） 教育部将修订中小学竞赛管理办法，斩断利益链
2022-03-02 11:34:04,576 - INFO - 原始图片url：
2022-03-02 11:34:04,576 - INFO - 微博位置：
2022-03-02 11:34:04,576 - INFO - 发布时间：2022-02-28 12:23
2022-03-02 11:34:04,576 - INFO - 发布工具：微博 weibo.com
2022-03-02 11:34:04,576 - INFO - 点赞数：4532
2022-03-02 11:34:04,576 - INFO - 评论数：338
2022-03-02 11:34:04,576 - INFO - 转发数：452
2022-03-02 11:34:04,576 - INFO - 话题：['教育部将修订完善中小学竞赛管理办法']
2022-03-02 11:34:04,576 - INFO - @用户：
2022-03-02 11:34:04,576 - INFO - url：https://m.weibo.cn/detail/4741823274684273
2022-03-02 11:34:04,576 - INFO - ------------------------------------------------------------------------------------------------------------------------
2022-03-02 11:34:04,577 - INFO - 微博id：4741812063570232
2022-03-02 11:34:04,577 - INFO - 微博正文：【被救后，#坠井男孩在消防员怀里说长大也要救人#】近日，湖北宜昌6岁男孩不慎坠井，消防员救援过程中不断安慰男孩。担心男孩冷，消防员还暖心地给男孩搓手取暖。#6岁男孩被救后说长大当消防员#：“我长大后，要灭火，还要救人。”网友：小朋友真坚强，消防员好暖心！湖北消防的微博视频 
2022-03-02 11:34:04,577 - INFO - 原始图片url：
2022-03-02 11:34:04,577 - INFO - 微博位置：
2022-03-02 11:34:04,577 - INFO - 发布时间：2022-02-28 11:39
2022-03-02 11:34:04,577 - INFO - 发布工具：微博视频号
2022-03-02 11:34:04,577 - INFO - 点赞数：7097
2022-03-02 11:34:04,577 - INFO - 评论数：517
2022-03-02 11:34:04,577 - INFO - 转发数：482
2022-03-02 11:34:04,577 - INFO - 话题：['坠井男孩在消防员怀里说长大也要救人', '6岁男孩被救后说长大当消防员']
2022-03-02 11:34:04,577 - INFO - @用户：
2022-03-02 11:34:04,577 - INFO - url：https://m.weibo.cn/detail/4741812063570232
2022-03-02 11:34:04,578 - INFO - ------------------------------------------------------------------------------------------------------------------------
2022-03-02 11:34:04,578 - INFO - 微博id：4741803352262929
2022-03-02 11:34:04,578 - INFO - 微博正文：【#5分钟了解乌克兰危机根源#】据央视，乌克兰局势近来骤然升级，俄乌双方交火不断，有分析认为乌克兰危机的根源在于以美国为首的北约不断扩张、不断向俄罗斯的边境逼近，最终影响到了俄罗斯的根本安全利益。一个视频了解↓↓↓#分析认为乌危机根源是北约东扩威胁俄安全#  人民日报的微博视频 
2022-03-02 11:34:04,578 - INFO - 原始图片url：
2022-03-02 11:34:04,578 - INFO - 微博位置：
2022-03-02 11:34:04,578 - INFO - 发布时间：2022-02-28 11:04
2022-03-02 11:34:04,578 - INFO - 发布工具：微博视频号
2022-03-02 11:34:04,578 - INFO - 点赞数：33684
2022-03-02 11:34:04,579 - INFO - 评论数：2891
2022-03-02 11:34:04,579 - INFO - 转发数：3632
2022-03-02 11:34:04,579 - INFO - 话题：['5分钟了解乌克兰危机根源', '分析认为乌危机根源是北约东扩威胁俄安全']
2022-03-02 11:34:04,579 - INFO - @用户：
2022-03-02 11:34:04,579 - INFO - url：https://m.weibo.cn/detail/4741803352262929
2022-03-02 11:34:04,579 - INFO - ------------------------------------------------------------------------------------------------------------------------
2022-03-02 11:34:04,579 - INFO - 微博id：4741794292042925
2022-03-02 11:34:04,579 - INFO - 微博正文：【#2021中国科学十大进展#公布】28日，2021年度中国科学十大进展公布，其中包括：#天问一号着陆火星入选2021中国科学十大进展#；中国空间站天和核心舱成功发射，神舟十二号、十三号载人飞船成功发射并与天和核心舱成功完成对接；从二氧化碳到淀粉的人工合成等。详细↓↓ 2021年度中国科学十大进展公布 
2022-03-02 11:34:04,579 - INFO - 原始图片url：
2022-03-02 11:34:04,580 - INFO - 微博位置：
2022-03-02 11:34:04,580 - INFO - 发布时间：2022-02-28 10:28
2022-03-02 11:34:04,580 - INFO - 发布工具：微博 weibo.com
2022-03-02 11:34:04,580 - INFO - 点赞数：2849
2022-03-02 11:34:04,580 - INFO - 评论数：392
2022-03-02 11:34:04,580 - INFO - 转发数：1066
2022-03-02 11:34:04,580 - INFO - 话题：['2021中国科学十大进展', '天问一号着陆火星入选2021中国科学十大进展']
2022-03-02 11:34:04,580 - INFO - @用户：
2022-03-02 11:34:04,580 - INFO - url：https://m.weibo.cn/detail/4741794292042925
2022-03-02 11:34:04,580 - INFO - ------------------------------------------------------------------------------------------------------------------------
2022-03-02 11:34:04,767 - INFO - 微博id：4741789568730660
2022-03-02 11:34:04,767 - INFO - 微博正文：【#俄媒记者揭露BBC报道颠倒黑白#】当地时间27日，俄罗斯全俄国家广播电视公司记者鲁坚科在社交媒体发布BBC直播首页的截图，指出BBC报道乌克兰哈尔科夫市被俄军炮击导致房屋受损，使用的图片却是乌军炮击顿涅茨克造成该地民房受损的照片。当天，在总台驻顿涅茨克的报道员拍摄当地被炮击的视频中，恰好有这一座受损房屋的画面，证实BBC造假。央视军事的微博视频
2022-03-02 11:34:04,767 - INFO - 原始图片url：
2022-03-02 11:34:04,767 - INFO - 微博位置：
2022-03-02 11:34:04,767 - INFO - 发布时间：2022-02-28 10:09
2022-03-02 11:34:04,767 - INFO - 发布工具：微博视频号
2022-03-02 11:34:04,767 - INFO - 点赞数：17015
2022-03-02 11:34:04,767 - INFO - 评论数：1139
2022-03-02 11:34:04,767 - INFO - 转发数：1036
2022-03-02 11:34:04,767 - INFO - 话题：['俄媒记者揭露BBC报道颠倒黑白']
2022-03-02 11:34:04,767 - INFO - @用户：
2022-03-02 11:34:04,767 - INFO - url：https://m.weibo.cn/detail/4741789568730660
2022-03-02 11:34:04,767 - INFO - ------------------------------------------------------------------------------------------------------------------------
2022-03-02 11:34:05,052 - INFO - 微博id：4741779222167964
2022-03-02 11:34:05,052 - INFO - 微博正文：【和平鸽+天坛！#雪容融有隐藏款中国式浪漫#】距北京冬残奥会开幕还有4天，雪容融就要上班了！你知道吗，#雪容融头上的和平鸽里藏着天坛#；当长城纹配上如意纹，满满中国元素，又饱含世界胸怀。代表着友爱、勇气和坚强的#雪容融最新情报#↓收藏，一起点亮梦想，温暖世界！  人民日报的微博视频
2022-03-02 11:34:05,052 - INFO - 原始图片url：
2022-03-02 11:34:05,052 - INFO - 微博位置：
2022-03-02 11:34:05,052 - INFO - 发布时间：2022-02-28 09:28
2022-03-02 11:34:05,052 - INFO - 发布工具：微博视频号
2022-03-02 11:34:05,052 - INFO - 点赞数：8509
2022-03-02 11:34:05,052 - INFO - 评论数：965
2022-03-02 11:34:05,052 - INFO - 转发数：1755
2022-03-02 11:34:05,052 - INFO - 话题：['雪容融有隐藏款中国式浪漫', '雪容融头上的和平鸽里藏着天坛', '雪容融最新情报']
2022-03-02 11:34:05,052 - INFO - @用户：
2022-03-02 11:34:05,052 - INFO - url：https://m.weibo.cn/detail/4741779222167964
2022-03-02 11:34:05,052 - INFO - ------------------------------------------------------------------------------------------------------------------------
2022-03-02 11:34:05,199 - INFO - 微博id：4741772268273786
2022-03-02 11:34:05,199 - INFO - 微博正文：【#2月27日新增87例本土确诊#，其中#广东昨日新增本土确诊40例#，#天津昨日新增本土确诊9例#】2月27日0—24时，31个省（自治区、直辖市）和新疆生产建设兵团报告新增确诊病例234例。其中境外输入病例147例（广东53例，上海45例，北京20例，广西11例，福建4例，山东4例，黑龙江3例，四川3例，河南2例，江苏1例，云南1例），含13例由无症状感染者转为确诊病例（广东10例，四川3例）；本土病例87例（广东40例，其中深圳市30例、东莞市10例；内蒙古11例，均在呼和浩特市；广西11例，均在防城港市；天津9例，其中滨海新区7例、东丽区1例、北辰区1例；湖北5例，均在武汉市；山西4例，其中太原市2例、晋中市2例；黑龙江4例，其中牡丹江市3例、黑河市1例；云南2例，均在临沧市；辽宁1例，在葫芦岛市）。无新增死亡病例。新增疑似病例5例，均为境外输入病例（均在上海）。当日新增治愈出院病例68例，解除医学观察的密切接触者2601人，重症病例较前一日增加2例。境外输入现有确诊病例1525例（其中重症病例1例），现有疑似病例6例。累计确诊病例14339例，累计治愈出院病例12814例，无死亡病例。截至2月27日24时，据31个省（自治区、直辖市）和新疆生产建设兵团报告，现有确诊病例2754例（其中重症病例21例），累计治愈出院病例101936例，累计死亡病例4636例，累计报告确诊病例109326例，现有疑似病例6例。累计追踪到密切接触者1633142人，尚在医学观察的密切接触者75068人。31个省（自治区、直辖市）和新疆生产建设兵团报告新增无症状感染者114例，其中境外输入61例，本土53例（广东25例，其中东莞市18例、深圳市6例、广州市1例；云南21例，其中临沧市17例、红河哈尼族彝族自治州3例、德宏傣族景颇族自治州1例；黑龙江3例，均在黑河市；天津1例，在滨海新区；山西1例，在晋中市；上海1例，在嘉定区；四川1例，在绵阳市）；当日转为确诊病例13例（均为境外输入）；当日解除医学观察19例（境外输入16例）；尚在医学观察的无症状感染者1006例（境外输入765例）。累计收到港澳台地区通报确诊病例89365例。其中，香港特别行政区68851例（出院18236例，死亡659例），澳门特别行政区81例（出院79例），台湾地区20433例（出院13742例，死亡853例）。
2022-03-02 11:34:05,199 - INFO - 原始图片url：https://wx2.sinaimg.cn/large/0033ImPzly1gzsyjejj4lj60u01ek7bm02.jpg
2022-03-02 11:34:05,199 - INFO - 微博位置：
2022-03-02 11:34:05,199 - INFO - 发布时间：2022-02-28 09:01
2022-03-02 11:34:05,199 - INFO - 发布工具：微博 weibo.com
2022-03-02 11:34:05,199 - INFO - 点赞数：6598
2022-03-02 11:34:05,199 - INFO - 评论数：1014
2022-03-02 11:34:05,199 - INFO - 转发数：476
2022-03-02 11:34:05,199 - INFO - 话题：['2月27日新增87例本土确诊', '广东昨日新增本土确诊40例', '天津昨日新增本土确诊9例']
2022-03-02 11:34:05,199 - INFO - @用户：
2022-03-02 11:34:05,199 - INFO - url：https://m.weibo.cn/detail/4741772268273786
2022-03-02 11:34:05,199 - INFO - ------------------------------------------------------------------------------------------------------------------------
2022-03-02 11:34:05,468 - INFO - 微博id：4741768862501523
2022-03-02 11:34:05,468 - INFO - 微博正文：【#俄国防部首次公告承认有俄军伤亡#】据央视，当地时间27日晚间，俄罗斯国防部发布通报称，俄军在特别军事行动中出现伤亡，这是俄方首次在公告中承认俄军伤亡。俄罗斯国防部发言人科纳申科夫表示，#俄称被俘军人遭纳粹行为般折磨#，但所有参与虐待战俘的人都将被找到并付出代价。  人民日报的微博视频
2022-03-02 11:34:05,468 - INFO - 原始图片url：
2022-03-02 11:34:05,468 - INFO - 微博位置：
2022-03-02 11:34:05,468 - INFO - 发布时间：2022-02-28 08:47
2022-03-02 11:34:05,468 - INFO - 发布工具：微博视频号
2022-03-02 11:34:05,468 - INFO - 点赞数：25423
2022-03-02 11:34:05,468 - INFO - 评论数：2047
2022-03-02 11:34:05,468 - INFO - 转发数：936
2022-03-02 11:34:05,468 - INFO - 话题：['俄国防部首次公告承认有俄军伤亡', '俄称被俘军人遭纳粹行为般折磨']
2022-03-02 11:34:05,468 - INFO - @用户：
2022-03-02 11:34:05,469 - INFO - url：https://m.weibo.cn/detail/4741768862501523
2022-03-02 11:34:05,469 - INFO - ------------------------------------------------------------------------------------------------------------------------
2022-03-02 11:34:05,469 - INFO - 微博id：4741762784429807
2022-03-02 11:34:05,469 - INFO - 微博正文：【#今天国际罕见病日#，为他们发条微博，让爱不罕见】大多数罕见病是遗传疾病，不会传染，更不该被视为异类。2015年至今我国制定出台了一系列政策，已有#40余种罕见病用药纳入医保目录#。罕见病并不罕见，但罕见病病人却最容易被忽视。为爱转发，关注罕见病患者，别让他们孤单！@健康时报 
2022-03-02 11:34:05,469 - INFO - 原始图片url：https://wx3.sinaimg.cn/large/0033ImPzly1gzsx1ceqwkj60sg2daqh502.jpg,https://wx3.sinaimg.cn/large/0033ImPzly1gzsx1cfenbj60sg2dcgvy02.jpg,https://wx3.sinaimg.cn/large/0033ImPzly1gzsx1cgw73j60sg2dcnax02.jpg,https://wx4.sinaimg.cn/large/0033ImPzly1gzsx1cfpaaj60sg2dadqz02.jpg,https://wx2.sinaimg.cn/large/0033ImPzly1gzsx1cl2cij60sg2dbto502.jpg,https://wx3.sinaimg.cn/large/0033ImPzly1gzsx1cbx49j60sg2d97c002.jpg,https://wx3.sinaimg.cn/large/0033ImPzly1gzsx1cn713j60sg2d9qed02.jpg,https://wx3.sinaimg.cn/large/0033ImPzly1gzsx1cqewgj60sg2dcwnn02.jpg,https://wx1.sinaimg.cn/large/0033ImPzly1gzsx1cuj2dj60sg2dcqdl02.jpg
2022-03-02 11:34:05,469 - INFO - 微博位置：
2022-03-02 11:34:05,469 - INFO - 发布时间：2022-02-28 08:23
2022-03-02 11:34:05,469 - INFO - 发布工具：微博 weibo.com
2022-03-02 11:34:05,469 - INFO - 点赞数：4510
2022-03-02 11:34:05,470 - INFO - 评论数：769
2022-03-02 11:34:05,470 - INFO - 转发数：2517
2022-03-02 11:34:05,470 - INFO - 话题：['今天国际罕见病日', '40余种罕见病用药纳入医保目录']
2022-03-02 11:34:05,470 - INFO - @用户：健康时报
2022-03-02 11:34:05,470 - INFO - url：https://m.weibo.cn/detail/4741762784429807
2022-03-02 11:34:05,470 - INFO - ------------------------------------------------------------------------------------------------------------------------
2022-03-02 11:34:05,470 - INFO - ------------------------------已获取人民日报(2803301701)的第8页微博------------------------------
2022-03-02 11:34:05,734 - INFO - 微博id：4741751061611424
2022-03-02 11:34:05,735 - INFO - 微博正文：【绝美！#24句诗词道尽春色#】“好雨知时节，当春乃发生”“不知细叶谁裁出，二月春风似剪刀”“春风先发苑中梅，樱杏桃梨次第开”。近日，大地回暖，万物复苏，南方多地入春。#90秒打卡古诗词里的春天#↓↓人勤春早，莫负春光！收藏，和希望同行！#2月最后一天#  人民日报的微博视频 
2022-03-02 11:34:05,735 - INFO - 原始图片url：
2022-03-02 11:34:05,735 - INFO - 微博位置：
2022-03-02 11:34:05,735 - INFO - 发布时间：2022-02-28 07:36
2022-03-02 11:34:05,735 - INFO - 发布工具：微博视频号
2022-03-02 11:34:05,735 - INFO - 点赞数：35705
2022-03-02 11:34:05,735 - INFO - 评论数：3610
2022-03-02 11:34:05,735 - INFO - 转发数：14568
2022-03-02 11:34:05,735 - INFO - 话题：['24句诗词道尽春色', '90秒打卡古诗词里的春天', '2月最后一天']
2022-03-02 11:34:05,735 - INFO - @用户：
2022-03-02 11:34:05,735 - INFO - url：https://m.weibo.cn/detail/4741751061611424
2022-03-02 11:34:05,735 - INFO - ------------------------------------------------------------------------------------------------------------------------
2022-03-02 11:34:05,735 - INFO - 微博id：4741741431751812
2022-03-02 11:34:05,735 - INFO - 微博正文：【好好爱自己，从让自己快乐开始】每个人都有难过焦虑的时候，但你可以帮自己快乐起来。你以为幸福的时刻离你很遥远，但只要超越自己，努力提升自我，坚持自律生活......你自己，就是打开快乐的那一把钥匙。提升愉悦感的9个关键习惯↓↓↓#2月最后一天#，行动，请从一点一滴开始。新的一周，早安！  
2022-03-02 11:34:05,736 - INFO - 原始图片url：https://wx1.sinaimg.cn/large/0033ImPzly1gzsugvxnf5j60u00u0q4l02.jpg,https://wx3.sinaimg.cn/large/0033ImPzly1gzsugvwrf3j60u00u0gna02.jpg,https://wx1.sinaimg.cn/large/0033ImPzly1gzsugvwzaoj60u00u0gnd02.jpg,https://wx2.sinaimg.cn/large/0033ImPzly1gzsugvwsadj60u00u0jt002.jpg,https://wx1.sinaimg.cn/large/0033ImPzly1gzsugvwmg2j60u00u0wfz02.jpg,https://wx4.sinaimg.cn/large/0033ImPzly1gzsugvyc85j60u00u0tan02.jpg,https://wx3.sinaimg.cn/large/0033ImPzly1gzsugw2anpj60u00u0ta502.jpg,https://wx2.sinaimg.cn/large/0033ImPzly1gzsugw37q1j60u00u0jt002.jpg,https://wx1.sinaimg.cn/large/0033ImPzly1gzsugw3gafj60u00u0abs02.jpg
2022-03-02 11:34:05,736 - INFO - 微博位置：
2022-03-02 11:34:05,736 - INFO - 发布时间：2022-02-28 06:58
2022-03-02 11:34:05,736 - INFO - 发布工具：微博 weibo.com
2022-03-02 11:34:05,736 - INFO - 点赞数：14054
2022-03-02 11:34:05,736 - INFO - 评论数：2756
2022-03-02 11:34:05,736 - INFO - 转发数：8099
2022-03-02 11:34:05,736 - INFO - 话题：['2月最后一天']
2022-03-02 11:34:05,736 - INFO - @用户：
2022-03-02 11:34:05,736 - INFO - url：https://m.weibo.cn/detail/4741741431751812
2022-03-02 11:34:05,736 - INFO - ------------------------------------------------------------------------------------------------------------------------
2022-03-02 11:34:05,878 - INFO - 微博id：4741739254121419
2022-03-02 11:34:05,878 - INFO - 微博正文：【#联大将就乌克兰局势举行紧急会议# 中国代表：联合国就乌克兰问题采取的行动应有利于推动外交解决】当地时间2月27日，联合国安理会举行会议，表决通过了美国等提出的要求就乌克兰局势举行紧急特别联大的第2623号决议。中国常驻联合国代表张军大使出席会议，在表决中投了弃权票，并就中方投票立场作解释性发言。张军表示，当前，乌克兰局势急剧变化。当务之急是各方保持必要克制，避免乌克兰局势进一步恶化。中方支持和鼓励一切有利于和平解决乌克兰危机的外交努力，欢迎俄罗斯同乌克兰尽快举行直接对话谈判。同时，中方支持欧方与俄罗斯就欧洲安全问题进行平等对话，秉持安全不可分割理念，最终形成平衡、有效、可持续的欧洲安全机制。张军强调，联合国安理会要以地区和平稳定为重，以各方普遍安全为重，为解决乌克兰问题发挥建设性作用。联合国采取的行动应当有助于紧张局势降温，有利于推动外交解决，避免激化矛盾。（人民日报记者李晓宏）
2022-03-02 11:34:05,878 - INFO - 原始图片url：https://wx2.sinaimg.cn/large/0033ImPzly1gzsuapp4i8j61580paal302.jpg
2022-03-02 11:34:05,878 - INFO - 微博位置：
2022-03-02 11:34:05,878 - INFO - 发布时间：2022-02-28 06:49
2022-03-02 11:34:05,879 - INFO - 发布工具：微博 weibo.com
2022-03-02 11:34:05,879 - INFO - 点赞数：12154
2022-03-02 11:34:05,879 - INFO - 评论数：971
2022-03-02 11:34:05,879 - INFO - 转发数：562
2022-03-02 11:34:05,879 - INFO - 话题：['联大将就乌克兰局势举行紧急会议']
2022-03-02 11:34:05,879 - INFO - @用户：
2022-03-02 11:34:05,879 - INFO - url：https://m.weibo.cn/detail/4741739254121419
2022-03-02 11:34:05,879 - INFO - ------------------------------------------------------------------------------------------------------------------------
2022-03-02 11:34:06,124 - INFO - ------------------------------已获取人民日报(2803301701)的第9页微博------------------------------
2022-03-02 11:34:06,132 - INFO - 83条微博写入json文件完毕,保存路径:
2022-03-02 11:34:06,132 - INFO - /home/zpw/PycharmProject/weibo-crawler/weibo/2803301701
2022-03-02 11:34:06,132 - INFO - 微博爬取完成，共爬取83条微博
2022-03-02 11:34:06,132 - INFO - 信息抓取完毕
2022-03-02 11:34:06,132 - INFO - ****************************************************************************************************
